Current working directory: /home/jepa/projects/def-wailung/jepa/FishMIP_2022_3a_Protocol/scripts/cc
Starting run at: Wed 24 Apr 2024 05:15:54 PM PDT
here() starts at /project/6006523/jepa/FishMIP_2022_3a_Protocol
Loading required package: tidyverse
── Attaching core tidyverse packages ──────────────────────── tidyverse 2.0.0 ──
✔ dplyr     1.1.4     ✔ readr     2.1.5
✔ forcats   1.0.0     ✔ stringr   1.5.1
✔ ggplot2   3.5.1     ✔ tibble    3.2.1
✔ lubridate 1.9.3     ✔ tidyr     1.3.1
✔ purrr     1.0.2     
── Conflicts ────────────────────────────────────────── tidyverse_conflicts() ──
✖ dplyr::filter() masks stats::filter()
✖ dplyr::lag()    masks stats::lag()
ℹ Use the conflicted package (<http://conflicted.r-lib.org/>) to force all conflicts to become errors
Loading required package: data.table

Attaching package: ‘data.table’

The following objects are masked from ‘package:lubridate’:

    hour, isoweek, mday, minute, month, quarter, second, wday, week,
    yday, year

The following objects are masked from ‘package:dplyr’:

    between, first, last

The following object is masked from ‘package:purrr’:

    transpose

Loading required package: foreach

Attaching package: ‘foreach’

The following objects are masked from ‘package:purrr’:

    accumulate, when

Loading required package: doParallel
Loading required package: iterators
Loading required package: parallel
 tidyverse data.table    foreach doParallel 
      TRUE       TRUE       TRUE       TRUE 
[1] "4"
[1] "4"
[1] "1841 17917721.8021009"
[1] "1842 19790228.8542509"
[1] "1843 17715509.6355523"
[1] "1844 17286657.0610303"
[1] "1842 90235852.8923917"
[1] "1843 88250083.9015798"
[1] "1841 87964323.7614913"
[1] "1844 87316236.4712166"
[1] "1841 148604676.875957"
[1] "1842 151256265.454229"
[1] "1844 148341538.450759"
[1] "1843 148644104.119068"
[1] "1841 343432525.107024"
[1] "1842 346388041.240555"
[1] "1843 343160029.524895"
[1] "1844 342377155.060799"
[1] "1841 436211461.329571"
[1] "1842 439448059.699235"
[1] "1844 434518602.675215"
[1] "1843 435937673.489656"
[1] "Completed year 1841 with 259200 rows"
[1] "Completed year 1842 with 259200 rows"
[1] "1845 16136086.4471734"
[1] "1846 17408004.3315324"
[1] "Completed year 1843 with 259200 rows"
[1] "Completed year 1844 with 259200 rows"
[1] "1847 18768737.6798898"
[1] "1845 86480755.8971925"
[1] "1846 87424587.1265069"
[1] "1848 19963972.8234157"
[1] "1847 88655857.9950503"
[1] "1848 89480185.0926098"
[1] "1846 147976690.241529"
[1] "1845 147363185.725554"
[1] "1847 149141594.479191"
[1] "1848 150467140.08791"
[1] "1845 340036768.754345"
[1] "1846 341149621.020179"
[1] "1848 344980317.05474"
[1] "1847 343462231.27722"
[1] "1845 432833573.24911"
[1] "1846 432956476.951435"
[1] "1848 437803334.585354"
[1] "1847 436288369.69071"
[1] "Completed year 1845 with 259200 rows"
[1] "Completed year 1846 with 259200 rows"
[1] "1849 17090815.0795804"
[1] "1850 18944909.6930462"
[1] "Completed year 1848 with 259200 rows"
[1] "1852 15526613.50411"
[1] "Completed year 1847 with 259200 rows"
[1] "1850 88367570.8908891"
[1] "1849 86174044.5209562"
[1] "1851 18426822.7152289"
[1] "1852 83816943.5104562"
[1] "1851 87478595.6900203"
[1] "1850 148843209.071531"
[1] "1849 146461210.510475"
[1] "1852 143727960.257631"
[1] "1851 148453072.383613"
[1] "1850 342679002.098582"
[1] "1849 339625622.848885"
[1] "1852 334818775.738392"
[1] "1851 342132297.078638"
[1] "1850 434918382.131869"
[1] "1849 431365516.926073"
[1] "1852 425749965.212583"
[1] "1851 434527701.128993"
[1] "Completed year 1850 with 259200 rows"
[1] "1854 17777252.2696216"
[1] "Completed year 1849 with 259200 rows"
[1] "Completed year 1852 with 259200 rows"
[1] "1853 17339107.0819727"
[1] "1856 16670325.666779"
[1] "1854 86997825.4557491"
[1] "Completed year 1851 with 259200 rows"
[1] "1855 18925076.8198598"
[1] "1856 85922665.9389373"
[1] "1853 85469927.8805355"
[1] "1854 147531953.186402"
[1] "1855 87765454.6477504"
[1] "1856 146660797.963593"
[1] "1853 145342218.935328"
[1] "1855 148652989.366057"
[1] "1854 339950906.904606"
[1] "1856 338206885.718766"
[1] "1853 336594440.183745"
[1] "1855 339890263.921916"
[1] "1854 431714551.298406"
[1] "1856 430145200.787865"
[1] "1853 427143418.184622"
[1] "1855 430599363.551001"
[1] "Completed year 1854 with 259200 rows"
[1] "1858 17610001.0553078"
[1] "Completed year 1853 with 259200 rows"
[1] "Completed year 1856 with 259200 rows"
[1] "1857 17215055.3845638"
[1] "1860 17225837.2696434"
[1] "1858 87152602.2055743"
[1] "1857 86538553.6939984"
[1] "Completed year 1855 with 259200 rows"
[1] "1860 87655365.9724103"
[1] "1859 16985978.1247787"
[1] "1858 147540136.049116"
[1] "1857 146583142.011402"
[1] "1860 149088417.640261"
[1] "1859 87024499.3641683"
[1] "1859 147703205.865036"
[1] "1858 337983993.304363"
[1] "1860 339533540.117191"
[1] "1857 337068964.29634"
[1] "1859 337406648.472751"
[1] "1858 429093084.902137"
[1] "1857 428205759.219675"
[1] "1860 431520928.048957"
[1] "1859 429082607.080637"
[1] "Completed year 1858 with 259200 rows"
[1] "1862 19682982.1246238"
[1] "Completed year 1857 with 259200 rows"
[1] "1861 17870901.6235596"
[1] "Completed year 1860 with 259200 rows"
[1] "1864 17217869.9916069"
[1] "1862 89434031.7250012"
[1] "1861 87193737.3636833"
[1] "Completed year 1859 with 259200 rows"
[1] "1864 86675546.1133907"
[1] "1863 17630606.8535998"
[1] "1862 150242814.573385"
[1] "1863 87522690.3636083"
[1] "1861 147868692.848663"
[1] "1864 147380275.549678"
[1] "1863 147651451.881121"
[1] "1862 341592248.687508"
[1] "1861 338836637.472846"
[1] "1864 338227097.474893"
[1] "1863 338646914.640073"
[1] "1862 432741008.584434"
[1] "1861 429573937.75269"
[1] "1864 428905894.451721"
[1] "Completed year 1862 with 259200 rows"
[1] "1866 17358056.5352407"
[1] "1863 429750647.994177"
[1] "Completed year 1861 with 259200 rows"
[1] "Completed year 1864 with 259200 rows"
[1] "1868 19925601.9598331"
[1] "1865 16075610.6561063"
[1] "1866 86918232.2349224"
[1] "1868 89096731.6401892"
[1] "1865 85894220.7945875"
[1] "1866 147190095.15375"
[1] "Completed year 1863 with 259200 rows"
[1] "1867 18723829.2261139"
[1] "1865 146474568.519431"
[1] "1868 149882131.99649"
[1] "1867 88209399.0751889"
[1] "1867 148451164.801038"
[1] "1866 337836584.446793"
[1] "1868 342343749.853885"
[1] "1865 336383107.721841"
[1] "1867 340468164.136996"
[1] "1866 428516054.479328"
[1] "1868 434265173.896624"
[1] "1865 427888920.911927"
[1] "Completed year 1866 with 259200 rows"
[1] "1870 18914753.6536818"
[1] "Completed year 1868 with 259200 rows"
[1] "Completed year 1865 with 259200 rows"
[1] "1867 432281640.026146"
[1] "1872 15504324.668551"
[1] "1869 17056813.2366674"
[1] "1870 88070107.6885253"
[1] "1869 85842261.7698263"
[1] "1872 83589699.3688653"
[1] "1870 148357442.258484"
[1] "1869 145955479.54984"
[1] "Completed year 1867 with 259200 rows"
[1] "1872 143347032.029955"
[1] "1871 18399392.9421778"
[1] "1871 87218168.0990508"
[1] "1871 148015269.117922"
[1] "1870 340505960.5375"
[1] "1869 337283808.245111"
[1] "1872 333102383.697907"
[1] "1871 340151993.63114"
[1] "1870 432015573.686407"
[1] "1869 428211217.555558"
[1] "1872 423447727.710156"
[1] "Completed year 1870 with 259200 rows"
[1] "1874 17758797.9489339"
[1] "Completed year 1869 with 259200 rows"
[1] "1873 17318990.4183147"
[1] "Completed year 1872 with 259200 rows"
[1] "1871 431895708.229208"
[1] "1876 16655251.1102188"
[1] "1874 86818326.9971431"
[1] "1873 85270171.1692784"
[1] "1876 85781615.6518024"
[1] "1874 147221654.030783"
[1] "1873 144999906.881599"
[1] "Completed year 1871 with 259200 rows"
[1] "1876 146417465.18531"
[1] "1875 18908373.4271556"
[1] "1875 87608361.520587"
[1] "1875 148378141.05823"
[1] "1874 338529191.225262"
[1] "1873 335032247.751079"
[1] "1876 337054728.514514"
[1] "1875 338610269.117042"
[1] "1874 429815095.253322"
[1] "1873 425063631.296542"
[1] "1876 428615330.308428"
[1] "Completed year 1874 with 259200 rows"
[1] "1878 17597936.2616478"
[1] "Completed year 1873 with 259200 rows"
[1] "1877 17201887.0203031"
[1] "Completed year 1876 with 259200 rows"
[1] "1878 87042623.5247061"
[1] "1880 17216457.4228496"
[1] "1877 86413835.1156762"
[1] "1880 87568539.8485161"
[1] "1875 428905642.346992"
[1] "1878 147343874.228844"
[1] "1877 146365764.566796"
[1] "1880 148931349.986132"
[1] "Completed year 1875 with 259200 rows"
[1] "1879 16975006.947229"
[1] "1879 86926775.9122811"
[1] "1878 337041909.279304"
[1] "1877 336035407.715507"
[1] "1879 147527533.280384"
[1] "1880 338765809.808868"
[1] "1879 336561192.25141"
[1] "1878 427833378.845999"
[1] "1877 426822828.583884"
[1] "1880 430488176.398575"
[1] "Completed year 1878 with 259200 rows"
[1] "1882 19675472.3656672"
[1] "Completed year 1877 with 259200 rows"
[1] "1881 17862830.5445863"
[1] "Completed year 1880 with 259200 rows"
[1] "1884 17211495.2824008"
[1] "1882 89367399.1197427"
[1] "1881 87119763.1391611"
[1] "1879 427950159.096072"
[1] "1884 86622503.6700998"
[1] "1882 150118174.946678"
[1] "1881 147731065.68988"
[1] "1884 147279405.450576"
[1] "Completed year 1879 with 259200 rows"
[1] "1883 17623648.4323761"
[1] "1883 87462680.5622288"
[1] "1882 340959795.460893"
[1] "1881 338146894.597267"
[1] "1883 147539003.066079"
[1] "1884 337701829.639635"
[1] "1883 338071958.242875"
[1] "1882 431886998.885295"
[1] "1881 428644328.187212"
[1] "1884 428193857.618591"
[1] "Completed year 1882 with 259200 rows"
[1] "1886 17352785.046003"
[1] "Completed year 1881 with 259200 rows"
[1] "1885 16069735.6355679"
[1] "1886 86875127.9333021"
[1] "Completed year 1884 with 259200 rows"
[1] "1888 19921200.3218506"
[1] "1885 85846020.7974622"
[1] "1886 147107771.255084"
[1] "1883 428971494.181606"
[1] "1888 89062494.156008"
[1] "1885 146383260.816877"
[1] "1888 149814931.154817"
[1] "Completed year 1883 with 259200 rows"
[1] "1887 18718936.9310989"
[1] "1887 88170980.7506366"
[1] "1886 337401910.273638"
[1] "1885 335912221.5769"
[1] "1887 148376740.370439"
[1] "1888 341979270.348147"
[1] "1887 340066843.941283"
[1] "1886 427922460.245354"
[1] "1885 427244629.591849"
[1] "1888 433764956.170504"
[1] "Completed year 1886 with 259200 rows"
[1] "Completed year 1885 with 259200 rows"
[1] "1890 18911089.6889653"
[1] "1889 17052799.3237247"
[1] "1890 88042026.2130387"
[1] "Completed year 1888 with 259200 rows"
[1] "1889 85811391.5390141"
[1] "1892 15501414.1817829"
[1] "1887 431733420.618471"
[1] "1890 148301968.196942"
[1] "1892 83566910.0585567"
[1] "1889 145894986.957913"
[1] "1892 143301894.657723"
[1] "Completed year 1887 with 259200 rows"
[1] "1891 18396036.3675434"
[1] "1891 87192884.8978323"
[1] "1890 340198896.900378"
[1] "1889 336952216.072308"
[1] "1891 147964978.742466"
[1] "1892 332850206.564055"
[1] "1891 339869426.786837"
[1] "1890 431592173.08861"
[1] "1889 427753951.367605"
[1] "1892 423095358.006498"
[1] "Completed year 1890 with 259200 rows"
[1] "Completed year 1889 with 259200 rows"
[1] "1894 17756315.7111132"
[1] "1893 17316321.4147518"
[1] "1894 86799287.8360706"
[1] "1893 85249528.2944596"
[1] "Completed year 1892 with 259200 rows"
[1] "1896 16653170.3960633"
[1] "1891 431505041.488974"
[1] "1893 144958964.448354"
[1] "1894 147183978.315458"
[1] "1896 85765324.6525499"
[1] "1896 146385864.155297"
[1] "Completed year 1891 with 259200 rows"
[1] "1895 18906101.6460533"
[1] "1895 87590889.9937699"
[1] "1894 338314623.071757"
[1] "1893 334799520.757859"
[1] "1895 148343688.598968"
[1] "1896 336873483.99668"
[1] "1895 338412439.359844"
[1] "1894 429513478.347966"
[1] "1893 424738451.699374"
[1] "Completed year 1894 with 259200 rows"
[1] "1896 428358482.980499"
[1] "1898 17596177.7901376"
[1] "Completed year 1893 with 259200 rows"
[1] "1898 87028591.7431792"
[1] "1897 17200002.9010435"
[1] "1898 147316675.220519"
[1] "1897 86398764.9123552"
[1] "Completed year 1896 with 259200 rows"
[1] "1900 17214994.6448324"
[1] "1895 428627302.082247"
[1] "1897 146336597.481892"
[1] "1900 87556509.5927459"
[1] "1900 148908248.432672"
[1] "1898 336888498.31148"
[1] "Completed year 1895 with 259200 rows"
[1] "1899 16973371.9510393"
[1] "1899 86913756.5845471"
[1] "1897 335869708.503666"
[1] "1899 147502457.90212"
[1] "1900 338635588.006596"
[1] "1898 427613233.400338"
[1] "1899 336420588.743295"
[1] "Completed year 1898 with 259200 rows"
[1] "1902 19674230.3395102"
[1] "1897 426585664.700523"
[1] "1902 89357470.7843638"
[1] "1900 430298946.082674"
[1] "1902 150098528.191023"
[1] "Completed year 1897 with 259200 rows"
[1] "1901 17861507.2898253"
[1] "Completed year 1900 with 259200 rows"
[1] "1904 17210406.3011099"
[1] "1901 87109085.2416211"
[1] "1899 427747003.658617"
[1] "1904 86614009.4928944"
[1] "1902 340849929.763746"
[1] "1901 147710062.111447"
[1] "Completed year 1899 with 259200 rows"
[1] "1904 147262623.55329"
[1] "1903 17622479.8036394"
[1] "1903 87453393.4136774"
[1] "1903 147520783.875598"
[1] "1901 338028189.858063"
[1] "1904 337607951.725812"
[1] "1902 431725651.515156"
[1] "1903 337970369.860312"
[1] "Completed year 1902 with 259200 rows"
[1] "1906 17351848.6240621"
[1] "1906 86867703.1174571"
[1] "1906 147093114.372683"
[1] "1901 428471023.341745"
[1] "1904 428054920.5069"
[1] "Completed year 1901 with 259200 rows"
[1] "1905 16068713.4820476"
[1] "1906 337321447.67494"
[1] "Completed year 1904 with 259200 rows"
[1] "1903 428821562.599455"
[1] "1905 85838040.6364677"
[1] "1908 19920363.2573787"
[1] "1908 89055986.2919263"
[1] "1905 146367539.670082"
[1] "1908 149802088.089432"
[1] "Completed year 1903 with 259200 rows"
[1] "1907 18718040.05388"
[1] "1907 88163947.423248"
[1] "1905 335825929.948817"
[1] "1906 427802245.985078"
[1] "1907 148362929.135784"
[1] "1908 341910035.995891"
[1] "Completed year 1906 with 259200 rows"
[1] "1910 18910354.3666923"
[1] "1910 88036282.6667928"
[1] "1907 339991802.874099"
[1] "1910 148290683.319322"
[1] "1905 427115747.174517"
[1] "1908 433660404.02258"
[1] "1910 340138709.667279"
[1] "Completed year 1905 with 259200 rows"
[1] "1909 17052014.3261319"
[1] "Completed year 1908 with 259200 rows"
[1] "1907 431620914.3324"
[1] "1912 15500777.8750426"
[1] "1909 85805266.6042536"
[1] "1912 83561892.9844143"
[1] "1909 145883061.919607"
[1] "Completed year 1907 with 259200 rows"
[1] "1912 143291993.93185"
[1] "1911 18395337.2390146"
[1] "1910 431500560.040545"
[1] "1911 87187538.8087139"
[1] "1911 147954368.14323"
[1] "1909 336888058.858249"
[1] "Completed year 1910 with 259200 rows"
[1] "1914 17755743.9171547"
[1] "1912 332798452.313206"
[1] "1914 86794701.7601486"
[1] "1914 147175147.009627"
[1] "1911 339813131.786382"
[1] "1914 338269631.341264"
[1] "1909 427656485.162993"
[1] "1912 423015395.819616"
[1] "Completed year 1909 with 259200 rows"
[1] "1913 17315721.1478984"
[1] "Completed year 1912 with 259200 rows"
[1] "1916 16652654.2039728"
[1] "1913 85244755.7432498"
[1] "1911 431418928.716215"
[1] "1916 85761156.0491518"
[1] "1913 144949676.126824"
[1] "1914 429443045.625205"
[1] "1916 146377972.713012"
[1] "Completed year 1911 with 259200 rows"
[1] "1915 18905558.1706899"
[1] "Completed year 1914 with 259200 rows"
[1] "1918 17595722.6745943"
[1] "1915 87586547.668239"
[1] "1918 87024714.40532"
[1] "1913 334751490.269159"
[1] "1915 148335397.503168"
[1] "1918 147309499.380522"
[1] "1916 336834403.611628"
[1] "1915 338370731.432215"
[1] "1918 336854637.415884"
[1] "1913 424663831.494133"
[1] "1916 428296452.138413"
[1] "Completed year 1913 with 259200 rows"
[1] "1917 17199526.5603979"
[1] "1918 427558417.740505"
[1] "Completed year 1916 with 259200 rows"
[1] "1920 17214591.3873994"
[1] "1915 428561538.432359"
[1] "1917 86394734.5461022"
[1] "1920 87552908.2030707"
[1] "1917 146329030.406289"
[1] "Completed year 1918 with 259200 rows"
[1] "1922 19673874.6494289"
[1] "1920 148901597.937501"
[1] "Completed year 1915 with 259200 rows"
[1] "1919 16972945.1817717"
[1] "1922 89354374.8862512"
[1] "1919 86910042.3966612"
[1] "1922 150092914.614099"
[1] "1917 335833515.437789"
[1] "1919 147495661.791907"
[1] "1920 338605778.16351"
[1] "1922 340824846.005446"
[1] "1919 336388901.854966"
[1] "1917 426527378.765197"
[1] "1920 430249968.771191"
[1] "1922 431683273.110736"
[1] "Completed year 1917 with 259200 rows"
[1] "1921 17861133.7160591"
[1] "Completed year 1920 with 259200 rows"
[1] "Completed year 1922 with 259200 rows"
[1] "1924 17210076.7214096"
[1] "1926 17351545.7336151"
[1] "1921 87105795.5272335"
[1] "1919 427695267.220414"
[1] "1926 86865011.3184653"
[1] "1924 86611128.010437"
[1] "1921 147704006.698279"
[1] "1926 147088576.243015"
[1] "1924 147257540.238669"
[1] "Completed year 1919 with 259200 rows"
[1] "1923 17622140.4680778"
[1] "1923 87450403.9745584"
[1] "1923 147515456.268372"
[1] "1921 338001115.740422"
[1] "1926 337302623.796343"
[1] "1924 337586137.97451"
[1] "1923 337947108.867726"
[1] "1926 427769157.167857"
[1] "1921 428425862.423169"
[1] "1924 428017458.766652"
[1] "Completed year 1926 with 259200 rows"
[1] "1930 18910086.1924714"
[1] "Completed year 1921 with 259200 rows"
[1] "1925 16068397.3056721"
[1] "1930 88034281.4390295"
[1] "Completed year 1924 with 259200 rows"
[1] "1928 19920077.8704823"
[1] "1925 85835290.2397722"
[1] "1930 148287221.880531"
[1] "1923 428781782.374696"
[1] "1928 89053672.4078204"
[1] "1925 146362774.327158"
[1] "1928 149798115.236876"
[1] "Completed year 1923 with 259200 rows"
[1] "1927 18717749.9233997"
[1] "1930 340123607.460511"
[1] "1927 88161476.0558878"
[1] "1925 335805852.971401"
[1] "1928 341892848.493577"
[1] "1927 148358672.960661"
[1] "1930 431473580.597541"
[1] "1927 339973427.718129"
[1] "Completed year 1930 with 259200 rows"
[1] "1934 17755531.5008247"
[1] "1925 427080683.276331"
[1] "1928 433630240.187063"
[1] "1934 86792858.7900633"
[1] "1934 147172104.746541"
[1] "Completed year 1925 with 259200 rows"
[1] "1929 17051740.4560563"
[1] "Completed year 1928 with 259200 rows"
[1] "1932 15500538.2758931"
[1] "1929 85803094.1002667"
[1] "1927 431588950.012037"
[1] "1932 83559979.674657"
[1] "1929 145879291.050401"
[1] "1934 338257759.896645"
[1] "1932 143288748.84372"
[1] "Completed year 1927 with 259200 rows"
[1] "1931 18395084.710206"
[1] "1931 87185584.1021322"
[1] "1931 147951005.122007"
[1] "1929 336871733.701898"
[1] "1932 332785287.032721"
[1] "1934 429420977.739899"
[1] "1931 339798792.590562"
[1] "Completed year 1934 with 259200 rows"
[1] "1938 17595530.359881"
[1] "1938 87022985.559367"
[1] "1929 427627747.662408"
[1] "1938 147306795.164839"
[1] "1932 422991282.43452"
[1] "1931 431393173.247869"
[1] "Completed year 1929 with 259200 rows"
[1] "1933 17315492.2917274"
[1] "Completed year 1932 with 259200 rows"
[1] "1936 16652451.8418356"
[1] "1938 336845035.377206"
[1] "1933 85242941.8772413"
[1] "Completed year 1931 with 259200 rows"
[1] "1936 85759382.5319725"
[1] "1935 18905350.9432373"
[1] "1933 144946577.041341"
[1] "1935 87584745.3184325"
[1] "1936 146375064.319491"
[1] "1935 148332391.989241"
[1] "1938 427539921.331933"
[1] "1933 334738975.784065"
[1] "1936 336823744.699131"
[1] "1935 338359402.550548"
[1] "Completed year 1938 with 259200 rows"
[1] "1942 19673709.3398211"
[1] "1942 89352796.1878433"
[1] "1942 150090531.745574"
[1] "1933 424640826.551566"
[1] "1936 428276256.227367"
[1] "1935 428540374.750467"
[1] "1942 340817629.08596"
[1] "Completed year 1935 with 259200 rows"
[1] "Completed year 1933 with 259200 rows"
[1] "Completed year 1936 with 259200 rows"
[1] "1939 16972760.0810816"
[1] "1937 17199328.6097962"
[1] "1940 17214422.3993598"
[1] "1939 86908304.4461943"
[1] "1937 86392966.6815492"
[1] "1940 87551273.1591562"
[1] "1939 147492987.460419"
[1] "1937 146326213.048031"
[1] "1940 148899061.895205"
[1] "1942 431668341.173305"
[1] "1939 336379883.006124"
[1] "Completed year 1942 with 259200 rows"
[1] "1940 338597338.523667"
[1] "1937 335823312.694997"
[1] "1946 17351399.7645102"
[1] "1946 86863703.7565335"
[1] "1946 147086567.6738"
[1] "1939 427677614.945632"
[1] "1946 337297023.221638"
[1] "1937 426507918.698592"
[1] "1940 430233169.602285"
[1] "Completed year 1939 with 259200 rows"
[1] "1943 17621980.5671005"
[1] "1943 87448889.0609598"
[1] "Completed year 1937 with 259200 rows"
[1] "1941 17860965.1788034"
[1] "Completed year 1940 with 259200 rows"
[1] "1944 17209923.8727591"
[1] "1943 147513157.524383"
[1] "1941 87104184.9307893"
[1] "1944 86609660.2261633"
[1] "1941 147701535.734251"
[1] "1946 427756989.649965"
[1] "1944 147255323.768438"
[1] "1943 337940400.500543"
[1] "Completed year 1946 with 259200 rows"
[1] "1950 18909968.9526219"
[1] "1950 88032970.520977"
[1] "1941 337993279.933457"
[1] "1944 337579882.252654"
[1] "1950 148285265.284596"
[1] "1943 428767666.038876"
[1] "1950 340118876.107196"
[1] "Completed year 1943 with 259200 rows"
[1] "1947 18717609.4957886"
[1] "1941 428410077.186014"
[1] "1947 88160253.1275411"
[1] "1944 428004142.400403"
[1] "1947 148356760.826988"
[1] "Completed year 1941 with 259200 rows"
[1] "1945 16068248.8223306"
[1] "Completed year 1944 with 259200 rows"
[1] "1948 19919946.5847543"
[1] "1950 431463041.842219"
[1] "1945 85833874.3131221"
[1] "1948 89052370.8079855"
[1] "1947 339968045.241482"
[1] "1945 146360628.686404"
[1] "1948 149796135.574558"
[1] "Completed year 1950 with 259200 rows"
[1] "1954 17755425.7408773"
[1] "1954 86791678.8474464"
[1] "1954 147170318.879574"
[1] "1945 335799831.310544"
[1] "1948 341887748.87861"
[1] "1947 431577192.812971"
[1] "1954 338253520.0361"
[1] "Completed year 1947 with 259200 rows"
[1] "1951 18394976.2358334"
[1] "1951 87184360.0729317"
[1] "1945 427067810.607643"
[1] "1951 147949153.273373"
[1] "1948 433618970.671954"
[1] "1954 429411459.299056"
[1] "Completed year 1945 with 259200 rows"
[1] "1949 17051615.4095952"
[1] "Completed year 1948 with 259200 rows"
[1] "1952 15500431.96631"
[1] "1951 339794289.263076"
[1] "1949 85801784.4275423"
[1] "Completed year 1954 with 259200 rows"
[1] "1952 83558771.1840626"
[1] "1958 17595439.0847411"
[1] "1949 145877315.487603"
[1] "1958 87021820.9445883"
[1] "1952 143286913.778631"
[1] "1958 147305105.472012"
[1] "1951 431382965.092063"
[1] "1949 336866879.800492"
[1] "1952 332780844.936348"
[1] "1958 336841489.085795"
[1] "Completed year 1951 with 259200 rows"
[1] "1955 18905250.0239402"
[1] "1955 87583588.6329119"
[1] "1955 148330653.884041"
[1] "1949 427616920.746353"
[1] "1958 427531638.188956"
[1] "1952 422981289.246592"
[1] "1955 338355447.096769"
[1] "Completed year 1958 with 259200 rows"
[1] "Completed year 1949 with 259200 rows"
[1] "1962 19614550.3952199"
[1] "1953 17315391.0236814"
[1] "Completed year 1952 with 259200 rows"
[1] "1956 16652357.4449324"
[1] "1962 89295290.7042301"
[1] "1953 85241735.4515634"
[1] "1956 85758201.631714"
[1] "1962 150074668.498772"
[1] "1953 144944768.460497"
[1] "1956 146373317.23126"
[1] "1962 340865684.541187"
[1] "1955 428531308.978984"
[1] "1953 334734510.408387"
[1] "1956 336819832.3347"
[1] "Completed year 1955 with 259200 rows"
[1] "1959 16972670.9782417"
[1] "1959 86907234.2667324"
[1] "1959 147491408.812075"
[1] "1962 431905433.463292"
[1] "1953 424630967.248723"
[1] "1959 336376569.482091"
[1] "Completed year 1962 with 259200 rows"
[1] "1966 17401768.6313284"
[1] "1956 428267406.138612"
[1] "1966 87100753.0407083"
[1] "Completed year 1953 with 259200 rows"
[1] "1966 147404110.507724"
[1] "1957 17199231.5183533"
[1] "Completed year 1956 with 259200 rows"
[1] "1960 17214332.1276409"
[1] "1957 86391795.8030948"
[1] "1960 87550207.4598027"
[1] "1957 146324492.443873"
[1] "1960 148897553.951375"
[1] "1959 427669669.550192"
[1] "1966 337826513.955559"
[1] "Completed year 1959 with 259200 rows"
[1] "1963 17580003.3067328"
[1] "1957 335819526.640171"
[1] "1963 87518063.7965902"
[1] "1960 338594131.712271"
[1] "1963 147671927.950135"
[1] "1966 428083838.616519"
[1] "Completed year 1966 with 259200 rows"
[1] "1970 18806320.5679233"
[1] "1963 338023214.161777"
[1] "1970 88106351.3491998"
[1] "1970 148429652.337095"
[1] "1960 430225457.688978"
[1] "1957 426499284.960175"
[1] "Completed year 1957 with 259200 rows"
[1] "Completed year 1960 with 259200 rows"
[1] "1961 17844457.9824221"
[1] "1964 17201805.0241759"
[1] "1963 428659851.424428"
[1] "1970 339904848.914253"
[1] "1964 86737580.6175829"
[1] "1961 87127249.4922889"
[1] "1964 147439645.125816"
[1] "1961 147738393.388835"
[1] "Completed year 1963 with 259200 rows"
[1] "1967 18703759.6281692"
[1] "1967 88173079.9895947"
[1] "1967 148388415.623538"
[1] "1964 338034773.473103"
[1] "1961 337919278.852282"
[1] "1970 430859315.121329"
[1] "Completed year 1970 with 259200 rows"
[1] "1974 17873847.7162115"
[1] "1967 339967143.161748"
[1] "1974 87074873.309146"
[1] "1974 147594700.85002"
[1] "1964 428340132.506388"
[1] "1961 428308851.752037"
[1] "1974 338549957.700688"
[1] "1967 431155375.758343"
[1] "Completed year 1964 with 259200 rows"
[1] "Completed year 1961 with 259200 rows"
[1] "1968 19905287.8130473"
[1] "1965 16033781.5452574"
[1] "Completed year 1967 with 259200 rows"
[1] "1968 89151337.9375788"
[1] "1965 85953656.6007266"
[1] "1971 18398967.0338653"
[1] "1971 87623063.9057079"
[1] "1965 146610175.576641"
[1] "1968 149950441.222156"
[1] "1971 148564402.251814"
[1] "1974 429754514.196294"
[1] "1965 336089082.997598"
[1] "Completed year 1974 with 259200 rows"
[1] "1968 342132227.717897"
[1] "1971 340516132.410806"
[1] "1978 17603214.9721622"
[1] "1978 87070662.1391901"
[1] "1978 147439768.604535"
[1] "1978 336926126.755996"
[1] "1971 432053732.285011"
[1] "1968 433627681.499022"
[1] "1965 427017957.069471"
[1] "Completed year 1971 with 259200 rows"
[1] "1975 19166875.9374845"
[1] "Completed year 1968 with 259200 rows"
[1] "Completed year 1965 with 259200 rows"
[1] "1972 15565013.4695485"
[1] "1969 16938730.4683726"
[1] "1975 88099392.8777926"
[1] "1972 83957194.0334636"
[1] "1969 85795613.575598"
[1] "1975 149034303.515571"
[1] "1972 143810977.688088"
[1] "1978 427340847.689777"
[1] "1969 145838530.928137"
[1] "Completed year 1978 with 259200 rows"
[1] "1982 17128475.3192244"
[1] "1982 88034609.19157"
[1] "1975 339163462.241313"
[1] "1972 333471493.39062"
[1] "1982 149780568.453856"
[1] "1969 336551426.709297"
[1] "1982 339743531.44089"
[1] "1975 429542335.671471"
[1] "1972 423496472.411115"
[1] "1969 426768290.288871"
[1] "Completed year 1975 with 259200 rows"
[1] "1979 17014265.8788623"
[1] "1979 86955675.6907598"
[1] "Completed year 1972 with 259200 rows"
[1] "1982 431184726.986797"
[1] "1976 16609602.945587"
[1] "Completed year 1969 with 259200 rows"
[1] "1973 17335231.3184991"
[1] "1979 147597963.262894"
[1] "1976 85908040.5440351"
[1] "1973 85375842.4319025"
[1] "Completed year 1982 with 259200 rows"
[1] "1986 18745586.996421"
[1] "1976 146661077.210899"
[1] "1973 145184809.616608"
[1] "1986 90524668.9601249"
[1] "1986 152477373.802494"
[1] "1979 336467576.943181"
[1] "1976 336918599.226444"
[1] "1973 334702458.453658"
[1] "1986 341209390.719582"
[1] "1979 427569267.243412"
[1] "Completed year 1979 with 259200 rows"
[1] "1983 14996644.7942456"
[1] "1976 428552517.074924"
[1] "1973 424585149.49914"
[1] "1983 85152702.6924894"
[1] "1986 432773674.029258"
[1] "1983 145829104.159299"
[1] "Completed year 1973 with 259200 rows"
[1] "Completed year 1976 with 259200 rows"
[1] "1977 17114398.0932954"
[1] "Completed year 1986 with 259200 rows"
[1] "1980 17202941.8414087"
[1] "1990 19252214.0153071"
[1] "1980 87529554.8747053"
[1] "1977 86452126.2952808"
[1] "1990 90069618.7754597"
[1] "1990 151846628.343222"
[1] "1980 148965013.70025"
[1] "1977 146514048.405091"
[1] "1983 332017683.546204"
[1] "1990 340951933.529614"
[1] "1977 335843434.50986"
[1] "1980 338838729.44087"
[1] "1983 423199278.51705"
[1] "Completed year 1983 with 259200 rows"
[1] "1987 16342890.3808474"
[1] "1990 432109748.028427"
[1] "1987 88152805.0595687"
[1] "1980 430182294.564877"
[1] "1977 426396969.677832"
[1] "1987 149414464.877699"
[1] "Completed year 1990 with 259200 rows"
[1] "1994 17624430.3122139"
[1] "Completed year 1980 with 259200 rows"
[1] "Completed year 1977 with 259200 rows"
[1] "1994 89000783.9062086"
[1] "1984 16589921.8728454"
[1] "1981 18452360.7109389"
[1] "1984 87383385.5546382"
[1] "1994 150902241.839052"
[1] "1981 89193548.4815341"
[1] "1987 337059818.029537"
[1] "1984 149326915.179656"
[1] "1981 150737344.494677"
[1] "1994 339682244.043672"
[1] "1984 337803146.976061"
[1] "1981 340863386.151887"
[1] "1987 428504439.044339"
[1] "Completed year 1987 with 259200 rows"
[1] "1991 17861271.971214"
[1] "1994 431236673.250676"
[1] "1991 89146633.6553457"
[1] "Completed year 1994 with 259200 rows"
[1] "1998 15971280.9681303"
[1] "1984 429969191.129463"
[1] "1991 151212908.129789"
[1] "1981 432249303.547975"
[1] "1998 86619864.9364654"
[1] "1998 147807895.225113"
[1] "Completed year 1984 with 259200 rows"
[1] "Completed year 1981 with 259200 rows"
[1] "1988 17479617.3374992"
[1] "1985 19053405.7511365"
[1] "1991 341062874.007806"
[1] "1988 88811535.8761354"
[1] "1985 90278971.4278642"
[1] "1988 150570067.939886"
[1] "1985 152384371.85629"
[1] "1998 334038426.227371"
[1] "1988 339473832.598729"
[1] "1985 340361896.7877"
[1] "1991 433421221.559506"
[1] "1998 424671199.896482"
[1] "Completed year 1991 with 259200 rows"
[1] "1995 17404978.7951358"
[1] "1995 88486494.9433674"
[1] "Completed year 1998 with 259200 rows"
[1] "2002 18120982.5383733"
[1] "1995 150167670.694902"
[1] "2002 90909029.0837254"
[1] "1988 430508145.115252"
[1] "1985 431587261.395659"
[1] "2002 152796140.654935"
[1] "Completed year 1988 with 259200 rows"
[1] "1995 338814774.633542"
[1] "Completed year 1985 with 259200 rows"
[1] "1992 16783775.6629463"
[1] "1989 18596479.7822569"
[1] "1992 87959125.1802565"
[1] "1989 89803238.2074407"
[1] "2002 341669691.235051"
[1] "1992 150103262.961186"
[1] "1989 152018035.975479"
[1] "1995 429927070.802138"
[1] "1992 339337325.649553"
[1] "1989 341233283.392165"
[1] "2002 434659508.77268"
[1] "Completed year 1995 with 259200 rows"
[1] "1999 18157438.0736534"
[1] "Completed year 2002 with 259200 rows"
[1] "2006 18534759.784005"
[1] "1999 89861200.0889165"
[1] "2006 92934755.5520519"
[1] "1999 151979824.414254"
[1] "2006 156705596.59951"
[1] "1992 431937331.549286"
[1] "1989 432529062.096476"
[1] "Completed year 1992 with 259200 rows"
[1] "1999 340378955.736947"
[1] "1996 18920461.3472956"
[1] "2006 348588843.479476"
[1] "1996 91104212.9749164"
[1] "Completed year 1989 with 259200 rows"
[1] "1993 17546530.036813"
[1] "1996 153456129.868875"
[1] "1993 88883145.9560955"
[1] "1993 150739473.012653"
[1] "1999 432894249.299678"
[1] "1996 343082765.548396"
[1] "2006 443267413.481532"
[1] "Completed year 1999 with 259200 rows"
[1] "1993 339962096.553322"
[1] "2003 18097604.5071344"
[1] "Completed year 2006 with 259200 rows"
[1] "2010 18306379.8501769"
[1] "2003 91467878.2955959"
[1] "2010 93206740.4699689"
[1] "2003 153262567.145059"
[1] "2010 156248351.671047"
[1] "1996 435236968.774412"
[1] "2003 343223604.923148"
[1] "Completed year 1996 with 259200 rows"
[1] "2000 19760401.3261547"
[1] "2010 348053682.722399"
[1] "1993 432217949.984373"
[1] "2000 91809561.6254688"
[1] "2000 153511866.659236"
[1] "Completed year 1993 with 259200 rows"
[1] "1997 16212422.6604322"
[1] "1997 87592079.8599212"
[1] "2003 437211935.956988"
[1] "1997 149735601.589692"
[1] "2000 341915065.302612"
[1] "2010 442393818.165773"
[1] "Completed year 2003 with 259200 rows"
[1] "Completed year 2010 with 259200 rows"
[1] "2007 19686470.9977273"
[1] "2007 94382596.7913847"
[1] "1997 337603586.481368"
[1] "2007 158426891.892484"
[1] "2000 434818869.53726"
[1] "Completed year 2000 with 259200 rows"
[1] "2004 19502487.39716"
[1] "2007 350606660.090296"
[1] "2004 93249372.1977013"
[1] "1997 429017633.447008"
[1] "2004 156176848.496589"
[1] "Completed year 1997 with 259200 rows"
[1] "2001 19605562.6173456"
[1] "2001 92518137.3330536"
[1] "2004 347382319.251344"
[1] "2007 445087167.166481"
[1] "2001 154308807.154319"
[1] "Completed year 2007 with 259200 rows"
[1] "2001 342740605.56574"
[1] "2004 441964222.273518"
[1] "Completed year 2004 with 259200 rows"
[1] "2008 18457903.9251616"
[1] "2008 93118199.471021"
[1] "2001 435832113.402032"
[1] "2008 156803809.743814"
[1] "Completed year 2001 with 259200 rows"
[1] "2005 19957627.0523156"
[1] "2005 94084315.8729714"
[1] "2008 348858701.024508"
[1] "2005 157498374.053323"
[1] "2005 349375562.179871"
[1] "2008 443852510.404545"
[1] "Completed year 2008 with 259200 rows"
[1] "2005 444292338.398968"
[1] "Completed year 2005 with 259200 rows"
[1] "2009 18473661.6058583"
[1] "2009 92706801.3272586"
[1] "2009 155915924.198406"
[1] "2009 347054298.589657"
[1] "2009 441196888.609973"
[1] "Completed year 2009 with 259200 rows"
[[1]]
[1] "Completed year 1841 with 259200 rows"

[[2]]
[1] "Completed year 1842 with 259200 rows"

[[3]]
[1] "Completed year 1843 with 259200 rows"

[[4]]
[1] "Completed year 1844 with 259200 rows"

[[5]]
[1] "Completed year 1845 with 259200 rows"

[[6]]
[1] "Completed year 1846 with 259200 rows"

[[7]]
[1] "Completed year 1847 with 259200 rows"

[[8]]
[1] "Completed year 1848 with 259200 rows"

[[9]]
[1] "Completed year 1849 with 259200 rows"

[[10]]
[1] "Completed year 1850 with 259200 rows"

[[11]]
[1] "Completed year 1851 with 259200 rows"

[[12]]
[1] "Completed year 1852 with 259200 rows"

[[13]]
[1] "Completed year 1853 with 259200 rows"

[[14]]
[1] "Completed year 1854 with 259200 rows"

[[15]]
[1] "Completed year 1855 with 259200 rows"

[[16]]
[1] "Completed year 1856 with 259200 rows"

[[17]]
[1] "Completed year 1857 with 259200 rows"

[[18]]
[1] "Completed year 1858 with 259200 rows"

[[19]]
[1] "Completed year 1859 with 259200 rows"

[[20]]
[1] "Completed year 1860 with 259200 rows"

[[21]]
[1] "Completed year 1861 with 259200 rows"

[[22]]
[1] "Completed year 1862 with 259200 rows"

[[23]]
[1] "Completed year 1863 with 259200 rows"

[[24]]
[1] "Completed year 1864 with 259200 rows"

[[25]]
[1] "Completed year 1865 with 259200 rows"

[[26]]
[1] "Completed year 1866 with 259200 rows"

[[27]]
[1] "Completed year 1867 with 259200 rows"

[[28]]
[1] "Completed year 1868 with 259200 rows"

[[29]]
[1] "Completed year 1869 with 259200 rows"

[[30]]
[1] "Completed year 1870 with 259200 rows"

[[31]]
[1] "Completed year 1871 with 259200 rows"

[[32]]
[1] "Completed year 1872 with 259200 rows"

[[33]]
[1] "Completed year 1873 with 259200 rows"

[[34]]
[1] "Completed year 1874 with 259200 rows"

[[35]]
[1] "Completed year 1875 with 259200 rows"

[[36]]
[1] "Completed year 1876 with 259200 rows"

[[37]]
[1] "Completed year 1877 with 259200 rows"

[[38]]
[1] "Completed year 1878 with 259200 rows"

[[39]]
[1] "Completed year 1879 with 259200 rows"

[[40]]
[1] "Completed year 1880 with 259200 rows"

[[41]]
[1] "Completed year 1881 with 259200 rows"

[[42]]
[1] "Completed year 1882 with 259200 rows"

[[43]]
[1] "Completed year 1883 with 259200 rows"

[[44]]
[1] "Completed year 1884 with 259200 rows"

[[45]]
[1] "Completed year 1885 with 259200 rows"

[[46]]
[1] "Completed year 1886 with 259200 rows"

[[47]]
[1] "Completed year 1887 with 259200 rows"

[[48]]
[1] "Completed year 1888 with 259200 rows"

[[49]]
[1] "Completed year 1889 with 259200 rows"

[[50]]
[1] "Completed year 1890 with 259200 rows"

[[51]]
[1] "Completed year 1891 with 259200 rows"

[[52]]
[1] "Completed year 1892 with 259200 rows"

[[53]]
[1] "Completed year 1893 with 259200 rows"

[[54]]
[1] "Completed year 1894 with 259200 rows"

[[55]]
[1] "Completed year 1895 with 259200 rows"

[[56]]
[1] "Completed year 1896 with 259200 rows"

[[57]]
[1] "Completed year 1897 with 259200 rows"

[[58]]
[1] "Completed year 1898 with 259200 rows"

[[59]]
[1] "Completed year 1899 with 259200 rows"

[[60]]
[1] "Completed year 1900 with 259200 rows"

[[61]]
[1] "Completed year 1901 with 259200 rows"

[[62]]
[1] "Completed year 1902 with 259200 rows"

[[63]]
[1] "Completed year 1903 with 259200 rows"

[[64]]
[1] "Completed year 1904 with 259200 rows"

[[65]]
[1] "Completed year 1905 with 259200 rows"

[[66]]
[1] "Completed year 1906 with 259200 rows"

[[67]]
[1] "Completed year 1907 with 259200 rows"

[[68]]
[1] "Completed year 1908 with 259200 rows"

[[69]]
[1] "Completed year 1909 with 259200 rows"

[[70]]
[1] "Completed year 1910 with 259200 rows"

[[71]]
[1] "Completed year 1911 with 259200 rows"

[[72]]
[1] "Completed year 1912 with 259200 rows"

[[73]]
[1] "Completed year 1913 with 259200 rows"

[[74]]
[1] "Completed year 1914 with 259200 rows"

[[75]]
[1] "Completed year 1915 with 259200 rows"

[[76]]
[1] "Completed year 1916 with 259200 rows"

[[77]]
[1] "Completed year 1917 with 259200 rows"

[[78]]
[1] "Completed year 1918 with 259200 rows"

[[79]]
[1] "Completed year 1919 with 259200 rows"

[[80]]
[1] "Completed year 1920 with 259200 rows"

[[81]]
[1] "Completed year 1921 with 259200 rows"

[[82]]
[1] "Completed year 1922 with 259200 rows"

[[83]]
[1] "Completed year 1923 with 259200 rows"

[[84]]
[1] "Completed year 1924 with 259200 rows"

[[85]]
[1] "Completed year 1925 with 259200 rows"

[[86]]
[1] "Completed year 1926 with 259200 rows"

[[87]]
[1] "Completed year 1927 with 259200 rows"

[[88]]
[1] "Completed year 1928 with 259200 rows"

[[89]]
[1] "Completed year 1929 with 259200 rows"

[[90]]
[1] "Completed year 1930 with 259200 rows"

[[91]]
[1] "Completed year 1931 with 259200 rows"

[[92]]
[1] "Completed year 1932 with 259200 rows"

[[93]]
[1] "Completed year 1933 with 259200 rows"

[[94]]
[1] "Completed year 1934 with 259200 rows"

[[95]]
[1] "Completed year 1935 with 259200 rows"

[[96]]
[1] "Completed year 1936 with 259200 rows"

[[97]]
[1] "Completed year 1937 with 259200 rows"

[[98]]
[1] "Completed year 1938 with 259200 rows"

[[99]]
[1] "Completed year 1939 with 259200 rows"

[[100]]
[1] "Completed year 1940 with 259200 rows"

[[101]]
[1] "Completed year 1941 with 259200 rows"

[[102]]
[1] "Completed year 1942 with 259200 rows"

[[103]]
[1] "Completed year 1943 with 259200 rows"

[[104]]
[1] "Completed year 1944 with 259200 rows"

[[105]]
[1] "Completed year 1945 with 259200 rows"

[[106]]
[1] "Completed year 1946 with 259200 rows"

[[107]]
[1] "Completed year 1947 with 259200 rows"

[[108]]
[1] "Completed year 1948 with 259200 rows"

[[109]]
[1] "Completed year 1949 with 259200 rows"

[[110]]
[1] "Completed year 1950 with 259200 rows"

[[111]]
[1] "Completed year 1951 with 259200 rows"

[[112]]
[1] "Completed year 1952 with 259200 rows"

[[113]]
[1] "Completed year 1953 with 259200 rows"

[[114]]
[1] "Completed year 1954 with 259200 rows"

[[115]]
[1] "Completed year 1955 with 259200 rows"

[[116]]
[1] "Completed year 1956 with 259200 rows"

[[117]]
[1] "Completed year 1957 with 259200 rows"

[[118]]
[1] "Completed year 1958 with 259200 rows"

[[119]]
[1] "Completed year 1959 with 259200 rows"

[[120]]
[1] "Completed year 1960 with 259200 rows"

[[121]]
[1] "Completed year 1961 with 259200 rows"

[[122]]
[1] "Completed year 1962 with 259200 rows"

[[123]]
[1] "Completed year 1963 with 259200 rows"

[[124]]
[1] "Completed year 1964 with 259200 rows"

[[125]]
[1] "Completed year 1965 with 259200 rows"

[[126]]
[1] "Completed year 1966 with 259200 rows"

[[127]]
[1] "Completed year 1967 with 259200 rows"

[[128]]
[1] "Completed year 1968 with 259200 rows"

[[129]]
[1] "Completed year 1969 with 259200 rows"

[[130]]
[1] "Completed year 1970 with 259200 rows"

[[131]]
[1] "Completed year 1971 with 259200 rows"

[[132]]
[1] "Completed year 1972 with 259200 rows"

[[133]]
[1] "Completed year 1973 with 259200 rows"

[[134]]
[1] "Completed year 1974 with 259200 rows"

[[135]]
[1] "Completed year 1975 with 259200 rows"

[[136]]
[1] "Completed year 1976 with 259200 rows"

[[137]]
[1] "Completed year 1977 with 259200 rows"

[[138]]
[1] "Completed year 1978 with 259200 rows"

[[139]]
[1] "Completed year 1979 with 259200 rows"

[[140]]
[1] "Completed year 1980 with 259200 rows"

[[141]]
[1] "Completed year 1981 with 259200 rows"

[[142]]
[1] "Completed year 1982 with 259200 rows"

[[143]]
[1] "Completed year 1983 with 259200 rows"

[[144]]
[1] "Completed year 1984 with 259200 rows"

[[145]]
[1] "Completed year 1985 with 259200 rows"

[[146]]
[1] "Completed year 1986 with 259200 rows"

[[147]]
[1] "Completed year 1987 with 259200 rows"

[[148]]
[1] "Completed year 1988 with 259200 rows"

[[149]]
[1] "Completed year 1989 with 259200 rows"

[[150]]
[1] "Completed year 1990 with 259200 rows"

[[151]]
[1] "Completed year 1991 with 259200 rows"

[[152]]
[1] "Completed year 1992 with 259200 rows"

[[153]]
[1] "Completed year 1993 with 259200 rows"

[[154]]
[1] "Completed year 1994 with 259200 rows"

[[155]]
[1] "Completed year 1995 with 259200 rows"

[[156]]
[1] "Completed year 1996 with 259200 rows"

[[157]]
[1] "Completed year 1997 with 259200 rows"

[[158]]
[1] "Completed year 1998 with 259200 rows"

[[159]]
[1] "Completed year 1999 with 259200 rows"

[[160]]
[1] "Completed year 2000 with 259200 rows"

[[161]]
[1] "Completed year 2001 with 259200 rows"

[[162]]
[1] "Completed year 2002 with 259200 rows"

[[163]]
[1] "Completed year 2003 with 259200 rows"

[[164]]
[1] "Completed year 2004 with 259200 rows"

[[165]]
[1] "Completed year 2005 with 259200 rows"

[[166]]
[1] "Completed year 2006 with 259200 rows"

[[167]]
[1] "Completed year 2007 with 259200 rows"

[[168]]
[1] "Completed year 2008 with 259200 rows"

[[169]]
[1] "Completed year 2009 with 259200 rows"

[[170]]
[1] "Completed year 2010 with 259200 rows"

