Current working directory: /home/jepa/projects/def-wailung/jepa/FishMIP_2022_3a_Protocol/scripts/cc
Starting run at: Thu 25 Apr 2024 09:39:28 AM PDT
here() starts at /project/6006523/jepa/FishMIP_2022_3a_Protocol
Loading required package: tidyverse
── Attaching core tidyverse packages ──────────────────────── tidyverse 2.0.0 ──
✔ dplyr     1.1.4     ✔ readr     2.1.5
✔ forcats   1.0.0     ✔ stringr   1.5.1
✔ ggplot2   3.5.1     ✔ tibble    3.2.1
✔ lubridate 1.9.3     ✔ tidyr     1.3.1
✔ purrr     1.0.2     
── Conflicts ────────────────────────────────────────── tidyverse_conflicts() ──
✖ dplyr::filter() masks stats::filter()
✖ dplyr::lag()    masks stats::lag()
ℹ Use the conflicted package (<http://conflicted.r-lib.org/>) to force all conflicts to become errors
Loading required package: data.table

Attaching package: ‘data.table’

The following objects are masked from ‘package:lubridate’:

    hour, isoweek, mday, minute, month, quarter, second, wday, week,
    yday, year

The following objects are masked from ‘package:dplyr’:

    between, first, last

The following object is masked from ‘package:purrr’:

    transpose

Loading required package: foreach

Attaching package: ‘foreach’

The following objects are masked from ‘package:purrr’:

    accumulate, when

Loading required package: doParallel
Loading required package: iterators
Loading required package: parallel
 tidyverse data.table    foreach doParallel 
      TRUE       TRUE       TRUE       TRUE 
[1] "4"
[1] "4"
[1] "1843 17416637.8981329"
[1] "1844 17025543.6210181"
[1] "1842 19484502.9697328"
[1] "1841 17656736.9195345"
[1] "1844 85533807.6803861"
[1] "1843 86384460.100029"
[1] "1841 86211398.6386891"
[1] "1842 88393932.1993803"
[1] "1842 149233869.953694"
[1] "1844 146376526.157287"
[1] "1843 146606237.777885"
[1] "1841 146676316.358013"
[1] "1844 340232439.870288"
[1] "1843 340942020.979579"
[1] "1841 341324733.600515"
[1] "1842 344186082.010327"
[1] "1841 433231342.802196"
[1] "1844 431505930.966462"
[1] "1843 432854040.049554"
[1] "1842 436371997.137348"
[1] "Completed year 1844 with 259200 rows"
[1] "Completed year 1841 with 259200 rows"
[1] "Completed year 1843 with 259200 rows"
[1] "Completed year 1842 with 259200 rows"
[1] "1848 19684308.9420461"
[1] "1845 15845364.5457384"
[1] "1847 18494096.2279928"
[1] "1846 17137554.9978478"
[1] "1848 87677627.3657016"
[1] "1845 84641544.5999416"
[1] "1847 86860427.9654249"
[1] "1846 85593010.9320721"
[1] "1848 148484970.739466"
[1] "1845 145346626.235785"
[1] "1847 147168242.931043"
[1] "1846 145966431.643103"
[1] "1848 342819267.467446"
[1] "1845 337840713.257136"
[1] "1847 341310047.711626"
[1] "1846 338959762.651146"
[1] "1848 434789960.632608"
[1] "1846 429896270.463053"
[1] "1845 429773496.996829"
[1] "1847 433278013.760534"
[1] "Completed year 1848 with 259200 rows"
[1] "1852 15240320.5651877"
[1] "Completed year 1845 with 259200 rows"
[1] "Completed year 1846 with 259200 rows"
[1] "Completed year 1847 with 259200 rows"
[1] "1850 18655155.2811061"
[1] "1849 16816908.0384711"
[1] "1851 18158216.4205292"
[1] "1852 82044391.4170008"
[1] "1850 86547697.8472473"
[1] "1851 85721298.1831493"
[1] "1849 84371647.1910282"
[1] "1852 141777981.131412"
[1] "1850 146843593.468689"
[1] "1849 144480804.322653"
[1] "1851 146512848.818702"
[1] "1852 332690584.059202"
[1] "1850 340500256.787743"
[1] "1849 337464870.618308"
[1] "1851 340012885.973984"
[1] "1852 422790973.148341"
[1] "1850 431898229.105338"
[1] "1849 428350303.470412"
[1] "1851 431568545.290224"
[1] "Completed year 1852 with 259200 rows"
[1] "Completed year 1850 with 259200 rows"
[1] "1856 16392241.0517672"
[1] "Completed year 1849 with 259200 rows"
[1] "1854 17485306.7444677"
[1] "Completed year 1851 with 259200 rows"
[1] "1853 17071372.1823742"
[1] "1855 18647269.1326552"
[1] "1856 84122337.4683736"
[1] "1854 85192344.7365663"
[1] "1855 85978929.1763021"
[1] "1853 83723241.7427143"
[1] "1856 144684823.992045"
[1] "1854 145544404.715461"
[1] "1855 146683474.897497"
[1] "1853 143416020.730668"
[1] "1854 337783653.972982"
[1] "1856 336052236.432899"
[1] "1853 334489660.249215"
[1] "1855 337742680.346083"
[1] "1854 428711696.368494"
[1] "1856 427161133.07557"
[1] "1853 424205775.323455"
[1] "1855 427615562.860775"
[1] "Completed year 1856 with 259200 rows"
[1] "Completed year 1854 with 259200 rows"
[1] "1860 16954412.4350489"
[1] "Completed year 1855 with 259200 rows"
[1] "Completed year 1853 with 259200 rows"
[1] "1857 16919364.6489526"
[1] "1859 16702792.6211558"
[1] "1858 17322594.6643653"
[1] "1857 84700938.1654489"
[1] "1859 85143686.9938306"
[1] "1860 85791483.84801"
[1] "1858 85314330.8892418"
[1] "1857 144571606.316219"
[1] "1859 145646590.17387"
[1] "1860 147042819.809698"
[1] "1858 145523916.738109"
[1] "1860 337306779.558717"
[1] "1857 334875808.674059"
[1] "1859 335172259.526098"
[1] "1858 335786696.413709"
[1] "1859 425989747.118"
[1] "1860 428429928.696128"
[1] "1857 425171573.694271"
[1] "1858 426051437.597109"
[1] "Completed year 1859 with 259200 rows"
[1] "Completed year 1860 with 259200 rows"
[1] "Completed year 1857 with 259200 rows"
[1] "1863 17322616.2579628"
[1] "1864 16943310.3648681"
[1] "1861 17614236.5136877"
[1] "1863 85620281.9541184"
[1] "1864 84840969.5129218"
[1] "Completed year 1858 with 259200 rows"
[1] "1861 85428028.4216088"
[1] "1862 19374676.177221"
[1] "1862 87569894.1070723"
[1] "1863 145575045.730692"
[1] "1864 145360321.249731"
[1] "1861 145923065.381398"
[1] "1862 148195942.691664"
[1] "1861 336708958.868286"
[1] "1864 336021700.571547"
[1] "1863 336386431.310998"
[1] "1862 339363129.063719"
[1] "1864 425823462.932633"
[1] "1861 426576155.918002"
[1] "1863 426621255.007575"
[1] "1862 429638427.94989"
[1] "Completed year 1864 with 259200 rows"
[1] "Completed year 1861 with 259200 rows"
[1] "1868 19604188.2170247"
[1] "1865 15763123.138547"
[1] "Completed year 1863 with 259200 rows"
[1] "1867 18415540.6988986"
[1] "Completed year 1862 with 259200 rows"
[1] "1868 87138428.4680517"
[1] "1865 83978754.8246447"
[1] "1866 17061100.8172838"
[1] "1867 86289420.9441518"
[1] "1866 84986993.1952855"
[1] "1865 144377992.976352"
[1] "1868 147735769.366534"
[1] "1867 146346811.808232"
[1] "1866 145074850.10863"
[1] "1865 334099065.918566"
[1] "1868 340003175.044949"
[1] "1867 338172142.732437"
[1] "1866 335531464.28967"
[1] "1868 431034725.944204"
[1][1] "1865 424725259.794847" "1867 429096893.325084"

[1] "1866 425317547.511219"
[1] "Completed year 1868 with 259200 rows"
[1] "Completed year 1865 with 259200 rows"
[1] "1872 15142184.8660354"
[1] "Completed year 1867 with 259200 rows"
[1] "1869 16734600.4780292"
[1] "1871 18068540.8499299"
[1] "Completed year 1866 with 259200 rows"
[1] "1872 81526261.7072457"
[1] "1870 18565557.3416491"
[1] "1869 83852633.4567412"
[1] "1871 85211835.0293272"
[1] "1870 86024013.4968333"
[1] "1872 141090856.197378"
[1] "1869 143778011.592431"
[1] "1871 145812298.734573"
[1] "1870 146119858.227558"
[1] "1872 330639136.449831"
[1] "1871 337744654.571904"
[1] "1869 334907550.656635"
[1] "1870 338067696.456717"
[1] "1869 424934077.36684"
[1] "1871 428584194.003666"
[1] "1872 420079946.023667"
[1] "1870 428680681.972497"
[1] "Completed year 1869 with 259200 rows"
[1] "Completed year 1871 with 259200 rows"
[1] "Completed year 1872 with 259200 rows"
[1] "1873 16972150.23526"
[1] "1875 18530353.2416903"
[1] "1876 16266667.6441289"
[1] "Completed year 1870 with 259200 rows"
[1] "1873 83202834.3824858"
[1] "1875 85409433.2901114"
[1] "1874 17370717.2345787"
[1] "1876 83517869.19672"
[1] "1874 84636931.1037036"
[1] "1873 142735600.181503"
[1] "1875 145973663.447863"
[1] "1876 143953590.442006"
[1] "1874 144838526.928357"
[1] "1875 335984925.522562"
[1] "1873 332556028.249005"
[1] "1876 334363598.685729"
[1] "1874 335927999.926364"
[1] "1875 425336415.803828"
[1] "1873 421670229.001075"
[1] "1876 424975306.499285"
[1] "1874 426282338.334018"
[1] "Completed year 1875 with 259200 rows"
[1] "Completed year 1876 with 259200 rows"
[1] "Completed year 1873 with 259200 rows"
[1] "1879 16548984.6773187"
[1] "1880 16799395.3593034"
[1] "1877 16779705.5943109"
[1] "1879 84418070.6497963"
[1] "1880 85036755.9156896"
[1] "1877 84056952.8723661"
[1] "Completed year 1874 with 259200 rows"
[1] "1878 17176995.5117272"
[1] "1879 144809820.023556"
[1] "1880 146180032.271606"
[1] "1877 143808296.544868"
[1] "1878 84638609.1291982"
[1] "1878 144731871.92854"
[1] "1880 335762497.363963"
[1] "1877 333242836.498742"
[1] "1879 333602185.267867"
[1] "1878 334190171.386526"
[1] "1877 423055921.027978"
[1] "1880 426442983.17359"
[1] "1879 423971303.47091"
[1] "1878 423990445.654131"
[1] "Completed year 1877 with 259200 rows"
[1] "Completed year 1880 with 259200 rows"
[1] "Completed year 1879 with 259200 rows"
[1] "1881 17459062.1402606"
[1] "1884 16766878.2825363"
[1] "1883 17126616.2766603"
[1] "1881 84684706.449949"
[1] "1883 84724536.6498806"
[1] "1884 83960266.0975767"
[1] "Completed year 1878 with 259200 rows"
[1] "1882 19182544.8121998"
[1] "1881 145075429.221491"
[1] "1883 144581579.560235"
[1] "1884 144380987.935287"
[1] "1882 86730227.4629035"
[1] "1882 147253801.273204"
[1] "1883 334839878.791878"
[1] "1884 334521935.111015"
[1] "1881 335230750.199397"
[1] "1882 337828196.147463"
[1] "1883 424648226.622049"
[1] "1884 423901379.878451"
[1] "1881 424665520.379753"
[1] "1882 427672710.635706"
[1] "Completed year 1883 with 259200 rows"
[1] "Completed year 1881 with 259200 rows"
[1] "Completed year 1884 with 259200 rows"
[1] "1887 18215298.052565"
[1] "1885 15561551.4047918"
[1] "1888 19393196.8782531"
[1] "1887 85286307.636205"
[1] "1888 86084092.0010554"
[1] "Completed year 1882 with 259200 rows"
[1] "1885 83022785.9361455"
[1] "1886 16868301.9123841"
[1] "1887 145247417.633549"
[1] "1886 84001648.2173145"
[1] "1885 143325335.279201"
[1] "1888 146582803.62314"
[1] "1886 143993206.754352"
[1] "1887 336631882.825875"
[1] "1885 332565315.015002"
[1] "1888 338431417.067226"
[1] "1886 333990327.516281"
[1] "1887 427129939.894294"
[1] "1888 429032286.169847"
[1] "1885 422766572.196196"
[1] "1886 423351295.996671"
[1] "Completed year 1887 with 259200 rows"
[1] "1891 17849059.2769704"
[1] "Completed year 1888 with 259200 rows"
[1] "Completed year 1885 with 259200 rows"
[1] "1892 14901488.0691126"
[1] "1889 16521811.9831929"
[1] "1891 84063036.4847975"
[1] "1892 80320421.2966775"
[1] "Completed year 1886 with 259200 rows"
[1] "1889 82756958.44841"
[1] "1890 18335195.5834386"
[1] "1891 144559122.607962"
[1] "1890 84867243.7582943"
[1] "1892 139780781.182906"
[1] "1889 142583992.343067"
[1] "1890 144862115.227143"
[1] "1891 336118184.169313"
[1] "1889 333314801.870648"
[1] "1892 328974361.977973"
[1] "1890 336424031.390718"
[1] "1891 426508720.141779"
[1] "1889 422904511.74905"
[1] "1892 417958908.602654"
[1] "1890 426595647.020089"
[1] "Completed year 1891 with 259200 rows"
[1] "1895 18275237.1198084"
[1] "Completed year 1889 with 259200 rows"
[1] "Completed year 1892 with 259200 rows"
[1] "1893 16738991.7389675"
[1] "1896 16002959.0306878"
[1] "1895 84059529.8122732"
[1] "1893 81976773.5674874"
[1] "1896 82101924.7507881"
[1] "Completed year 1890 with 259200 rows"
[1] "1894 17110606.303491"
[1] "1895 144506528.113504"
[1] "1893 141401537.374336"
[1] "1896 142419740.43187"
[1] "1894 83319598.5221534"
[1] "1894 143408076.290989"
[1] "1893 330874323.955878"
[1] "1895 334182037.844797"
[1] "1896 332495759.541651"
[1] "1894 334154509.321143"
[1] "1893 419521599.029879"
[1] "1895 423036957.428631"
[1] "1896 422596964.137044"
[1] "1894 424024742.455811"
[1] "Completed year 1893 with 259200 rows"
[1] "Completed year 1895 with 259200 rows"
[1] "1897 16496729.1573307"
[1] "Completed year 1896 with 259200 rows"
[1] "1899 16258793.4698882"
[1] "1900 16514890.4978613"
[1] "Completed year 1894 with 259200 rows"
[1] "1898 16892211.0827393"
[1] "1897 82569044.9088066"
[1] "1899 82799009.1031373"
[1] "1900 83385943.9009393"
[1] "1898 83101102.6467447"
[1] "1897 142199559.719376"
[1] "1899 143058599.661767"
[1] "1900 144387738.796398"
[1] "1898 143065978.946965"
[1] "1898 332193800.568261"
[1] "1897 331303071.31147"
[1] "1899 331523076.248914"
[1] "1900 333636781.04222"
[1] "1898 421442406.549006"
[1] "1899 421318886.764471"
[1] "1897 420584053.368996"
[1] "1900 423722387.215207"
[1] "Completed year 1898 with 259200 rows"
[1] "1902 18851477.9968702"
[1] "Completed year 1899 with 259200 rows"
[1] "Completed year 1897 with 259200 rows"
[1] "Completed year 1900 with 259200 rows"
[1] "1902 84988993.2268122"
[1] "1903 16791178.0994452"
[1] "1901 17184194.8183635"
[1] "1904 16462083.7835294"
[1] "1903 82904772.5944382"
[1] "1901 83088088.2552026"
[1] "1904 82176756.822399"
[1] "1902 145362146.134052"
[1] "1903 142612732.211663"
[1] "1901 143333959.642825"
[1] "1904 142437758.389937"
[1] "1902 335592076.958929"
[1] "1903 332518887.139124"
[1] "1901 333150894.439109"
[1] "1904 332220927.035274"
[1] "1902 424804693.031936"
[1] "Completed year 1902 with 259200 rows"
[1] "1906 16538620.1811286"
[1] "1901 421975682.493377"
[1] "1904 420939149.344725"
[1] "1903 421682243.865743"
[1] "1906 82073959.977897"
[1] "1906 141898196.737872"
[1] "Completed year 1901 with 259200 rows"
[1] "Completed year 1903 with 259200 rows"
[1] "Completed year 1904 with 259200 rows"
[1] "1905 15218772.8811832"
[1] "1907 17875939.0135598"
[1] "1908 19036757.7624772"
[1] "1905 81131220.7619016"
[1] "1907 83351455.4872492"
[1] "1908 84088111.7022284"
[1] "1905 141271909.482198"
[1] "1907 143141044.521115"
[1] "1908 144406213.052631"
[1] "1906 331518151.180137"
[1] "1905 330144308.166381"
[1] "1908 335839116.537488"
[1] "1907 334127167.725173"
[1] "1906 420182601.979082"
[1] "Completed year 1906 with 259200 rows"
[1] "1910 17953371.3268377"
[1] "1910 82765119.7908716"
[1] "1907 423915924.438875"
[1] "1908 425717410.396022"
[1] "1905 419664009.372827"
[1] "1910 142569961.79144"
[1] "Completed year 1907 with 259200 rows"
[1] "Completed year 1908 with 259200 rows"
[1] "Completed year 1905 with 259200 rows"
[1] "1911 17486596.5332901"
[1] "1912 14514248.2455127"
[1] "1909 16163353.6525048"
[1] "1911 82008486.0314899"
[1] "1912 78222679.7675332"
[1] "1909 80718418.3880298"
[1] "1910 333687482.208423"
[1] "1911 142307085.974374"
[1] "1912 137485932.819797"
[1] "1909 140362521.979111"
[1] "1911 333405217.426155"
[1] "1909 330669232.314755"
[1] "1912 326201124.99634"
[1] "1910 423118170.601929"
[1] "Completed year 1910 with 259200 rows"
[1] "1914 16710375.0686411"
[1] "1914 81155504.3857313"
[1] "1914 141029579.832906"
[1] "1911 423045093.458855"
[1] "1912 414431088.014062"
[1] "1909 419524818.724961"
[1] "Completed year 1911 with 259200 rows"
[1] "1915 17891481.3517341"
[1] "Completed year 1909 with 259200 rows"
[1] "Completed year 1912 with 259200 rows"
[1] "1914 331239483.1952"
[1] "1913 16367750.7578239"
[1] "1916 15620446.4655302"
[1] "1915 81910900.9913457"
[1] "1913 79894382.0708664"
[1] "1916 79927177.5001125"
[1] "1915 142135647.704883"
[1] "1916 140020364.288811"
[1] "1913 139114448.788303"
[1] "1914 420327448.776519"
[1] "1915 331262238.821189"
[1] "1916 329506746.305814"
[1] "1913 328085157.476601"
[1] "Completed year 1914 with 259200 rows"
[1] "1918 16514314.9219362"
[1] "1918 80929081.2048827"
[1] "1918 140651706.92832"
[1] "1916 418807621.257321"
[1] "1915 419329829.452423"
[1] "1913 415968990.275362"
[1] "1918 329136157.602187"
[1] "Completed year 1916 with 259200 rows"
[1] "Completed year 1915 with 259200 rows"
[1] "1920 16174128.9092746"
[1] "1919 15894898.9553265"
[1] "Completed year 1913 with 259200 rows"
[1] "1917 16104997.1168853"
[1] "1919 80623407.5441611"
[1] "1920 81261135.7963535"
[1] "1917 80377455.8034643"
[1] "1919 140628224.239649"
[1] "1920 141990120.447146"
[1] "1917 139779068.482062"
[1] "1918 417556837.828955"
[1] "1919 328423022.147126"
[1] "1920 330530160.822535"
[1] "Completed year 1918 with 259200 rows"
[1] "1917 328266462.278063"
[1] "1922 18515264.2233824"
[1] "1922 82984641.5911448"
[1] "1922 143057821.855185"
[1] "1922 332494612.54662"
[1] "1920 419754286.739098"
[1] "1919 417375321.990465"
[1] "1917 416735128.156835"
[1] "Completed year 1920 with 259200 rows"
[1] "1924 16191800.9855483"
[1] "Completed year 1919 with 259200 rows"
[1] "Completed year 1917 with 259200 rows"
[1] "1923 16473330.235533"
[1] "1921 16873253.3476617"
[1] "1924 80329570.8473425"
[1] "1923 80928169.7772422"
[1] "1921 81127188.623935"
[1] "1924 140258765.59144"
[1] "1923 140329817.632615"
[1] "1921 141088328.138437"
[1] "1922 420819813.47307"
[1] "Completed year 1922 with 259200 rows"
[1] "1926 16304461.8756488"
[1] "1924 329187704.8794"
[1] "1923 329398049.144892"
[1] "1926 80323426.3537075"
[1] "1921 330152714.36632"
[1] "1926 139781243.892814"
[1] "1926 328470692.267875"
[1] "1924 416993602.343821"
[1] "1923 417660365.312773"
[1] "1921 418111467.606013"
[1] "Completed year 1924 with 259200 rows"
[1] "1928 18838520.6228599"
[1] "Completed year 1923 with 259200 rows"
[1] "Completed year 1921 with 259200 rows"
[1] "1927 17656070.0089919"
[1] "1925 14948525.7259795"
[1] "1928 82475102.493101"
[1] "1927 81672201.9511656"
[1] "1925 79296553.9678813"
[1] "1926 416179204.070339"
[1] "1928 142369598.925099"
[1] "1925 139088947.750412"
[1] "1927 141074799.841314"
[1] "Completed year 1926 with 259200 rows"
[1] "1930 17793252.5188057"
[1] "1930 81256148.2606077"
[1] "1928 332742674.803494"
[1] "1927 331054407.230307"
[1] "1925 327059826.24528"
[1] "1930 140582656.540155"
[1] "1930 330580480.184585"
[1] "1927 419853675.375433"
[1] "1928 421602258.550284"
[1] "1925 415636384.097412"
[1] "Completed year 1927 with 259200 rows"
[1] "1931 17334629.9181755"
[1] "Completed year 1928 with 259200 rows"
[1] "1932 14377634.4362061"
[1] "Completed year 1925 with 259200 rows"
[1] "1931 80537878.6929267"
[1] "1929 15991466.5387642"
[1] "1930 418934186.051859"
[1] "1932 76771857.1800351"
[1] "1929 79174216.549774"
[1] "1931 140320474.747606"
[1] "1932 135501616.292757"
[1] "Completed year 1930 with 259200 rows"
[1] "1929 138375895.936106"
[1] "1934 16585575.7197996"
[1] "1934 79620857.2391938"
[1] "1931 330265070.167119"
[1] "1934 138862686.531527"
[1] "1932 323029591.472036"
[1] "1929 327614074.687682"
[1] "1934 327770650.092411"
[1] "1931 418783955.048097"
[1] "1932 410117048.193559"
[1] "Completed year 1931 with 259200 rows"
[1] "1935 17766566.5890656"
[1] "1929 415429319.217555"
[1] "1935 80333985.4920888"
[1] "1934 415598404.64669"
[1] "Completed year 1932 with 259200 rows"
[1] "1935 139880175.437828"
[1] "1936 15495193.8860455"
[1] "Completed year 1929 with 259200 rows"
[1] "1933 16242371.3376968"
[1] "Completed year 1934 with 259200 rows"
[1] "1938 16361360.0433992"
[1] "1936 78265402.2879582"
[1] "1933 78423065.3078495"
[1] "1938 79019995.8611582"
[1] "1936 137646690.369946"
[1] "1933 137063219.911748"
[1] "1938 137911494.154218"
[1] "1935 327690219.625669"
[1] "1936 325737688.006874"
[1] "1938 324890953.364145"
[1] "1933 324802465.873121"
[1] "1935 414451050.009865"
[1] "Completed year 1935 with 259200 rows"
[1] "1939 15733135.6829031"
[1] "1938 411775267.120774"
[1] "1939 78572106.0279581"
[1] "1936 413657422.360865"
[1] "1933 411496173.196467"
[1] "1939 137680445.931849"
[1] "Completed year 1938 with 259200 rows"
[1] "1942 18238111.3577199"
[1] "Completed year 1936 with 259200 rows"
[1] "1940 15969572.1322408"
[1] "Completed year 1933 with 259200 rows"
[1] "1937 15965760.203866"
[1] "1942 80206868.7771839"
[1] "1940 78950274.8626611"
[1] "1937 78602450.2335853"
[1] "1942 139110170.437729"
[1] "1939 323921245.131208"
[1] "1940 138682045.33203"
[1] "1937 137252114.512025"
[1] "1942 326727556.990654"
[1] "1940 325576600.455347"
[1] "1937 324292867.686663"
[1] "1939 411238352.92734"
[1] "Completed year 1939 with 259200 rows"
[1] "1943 16157874.4899655"
[1] "1942 413136418.526546"
[1] "1943 77865905.7358151"
[1] "1940 413058400.016519"
[1] "1943 136038210.135542"
[1] "1937 411319757.496119"
[1] "Completed year 1942 with 259200 rows"
[1] "1946 15838615.7202303"
[1] "1946 76134472.3443272"
[1] "Completed year 1940 with 259200 rows"
[1] "1944 15834879.2402962"
[1] "Completed year 1937 with 259200 rows"
[1] "1941 16645386.8940116"
[1] "1946 133946443.970099"
[1] "1944 76938786.0886376"
[1] "1943 323192431.783085"
[1] "1941 78609910.4186927"
[1] "1944 135473892.902947"
[1] "1941 137494744.315855"
[1] "1946 320341154.777016"
[1] "1944 322387097.225368"
[1] "1941 324829095.681037"
[1] "1943 409437732.74391"
[1] "Completed year 1943 with 259200 rows"
[1] "1947 17131822.135846"
[1] "1946 405590821.587121"
[1] "1947 77049481.7929303"
[1] "1947 134617934.32055"
[1] "Completed year 1946 with 259200 rows"
[1] "1950 16951875.3258762"
[1] "1944 408031039.964678"
[1] "1950 75085446.3145149"
[1] "1941 410983245.836259"
[1] "1950 131994729.590391"
[1] "Completed year 1944 with 259200 rows"
[1] "1947 322090045.443022"
[1] "Completed year 1941 with 259200 rows"
[1] "1948 18218925.4159027"
[1] "1945 14523374.5131209"
[1] "1948 77371004.5439766"
[1] "1945 75491855.4347341"
[1] "1950 319269889.752347"
[1] "1948 135213916.016649"
[1] "1945 133800325.092359"
[1] "1947 408238937.846291"
[1] "1948 322839858.522813"
[1] "1945 319627365.11258"
[1] "Completed year 1947 with 259200 rows"
[1] "1951 16367136.9034504"
[1] "1950 404432979.558857"
[1] "1951 74214580.3484635"
[1] "Completed year 1950 with 259200 rows"
[1] "1951 131274965.912221"
[1] "1954 15523457.6077645"
[1] "1954 72396606.212037"
[1] "1954 128427020.656226"
[1] "1945 405894199.824761"
[1] "1948 408866802.030315"
[1] "1951 318317095.698506"
[1] "Completed year 1948 with 259200 rows"
[1] "Completed year 1945 with 259200 rows"
[1] "1952 13419131.1307909"
[1] "1949 15303178.6650507"
[1] "1954 313767676.655428"
[1] "1952 70162755.7225602"
[1] "1949 73557338.8989857"
[1] "1952 126138410.697513"
[1] "1949 130531246.509128"
[1] "1951 403478346.420527"
[1] "Completed year 1951 with 259200 rows"
[1] "1954 398553621.27523"
[1] "1952 310769060.371614"
[1] "1955 16547679.1637459"
[1] "1949 316853326.322261"
[1] "1955 72380516.3548005"
[1] "Completed year 1954 with 259200 rows"
[1] "1958 15061523.9773744"
[1] "1955 128415644.341735"
[1] "1958 69462153.2924532"
[1] "1958 124645842.640007"
[1] "1955 313057830.087715"
[1] "1952 394704456.604018"
[1] "1949 401623663.308782"
[1] "1958 308371725.763775"
[1] "Completed year 1952 with 259200 rows"
[1] "1956 14260064.8782121"
[1] "Completed year 1949 with 259200 rows"
[1] "1953 15284320.4464445"
[1] "1956 69731966.7650793"
[1] "1953 71626721.7405947"
[1] "1955 396530347.376752"
[1] "1956 125586347.24297"
[1] "1953 127265748.126187"
[1] "1958 391449117.267127"
[1] "Completed year 1955 with 259200 rows"
[1] "1959 14347751.555978"
[1] "1959 68269458.0637342"
[1] "Completed year 1958 with 259200 rows"
[1] "1956 310541378.303887"
[1] "1953 311769970.616187"
[1] "1962 16218496.4978221"
[1] "1959 123472534.47861"
[1] "1962 67875074.4822675"
[1] "1962 122210989.929528"
[1] "1959 305832744.079685"
[1] "1962 303983352.409106"
[1] "1956 394978701.871407"
[1] "1953 395401738.65417"
[1] "Completed year 1956 with 259200 rows"
[1] "1960 14531994.8724508"
[1] "Completed year 1953 with 259200 rows"
[1] "1957 14656193.8428601"
[1] "1960 68057235.5627526"
[1] "1959 388994579.938871"
[1] "1957 69458223.8284672"
[1] "1960 123625931.668202"
[1] "1957 124521123.472957"
[1] "1962 384759197.860852"
[1] "Completed year 1959 with 259200 rows"
[1] "1963 14274555.9033859"
[1] "1963 65417901.741031"
[1] "Completed year 1962 with 259200 rows"
[1] "1966 13693176.9738779"
[1] "1963 118980534.723471"
[1] "1960 306075689.24579"
[1] "1966 63599582.7131599"
[1] "1957 308274517.124818"
[1] "1966 115214467.425068"
[1] "1963 299326732.940601"
[1] "1966 291575899.961013"
[1] "1960 388782894.34238"
[1] "1957 391604400.982728"
[1] "Completed year 1960 with 259200 rows"
[1] "1963 379049592.086484"
[1] "Completed year 1957 with 259200 rows"
[1] "1964 13926022.8782745"
[1] "1961 15069275.4893763"
[1] "1961 67255991.1755474"
[1] "1964 64265781.6835778"
[1] "1966 368906823.068476"
[1] "Completed year 1963 with 259200 rows"
[1] "1967 14615176.1211863"
[1] "1964 117421522.645614"
[1] "1961 121732910.694168"
[1] "1967 64345305.9309689"
[1] "Completed year 1966 with 259200 rows"
[1] "1970 14489359.9670387"
[1] "1967 115493071.920135"
[1] "1970 63110664.6243545"
[1] "1964 296989243.23828"
[1] "1970 112999226.843429"
[1] "1961 304084693.358558"
[1] "1967 288860715.807145"
[1] "1970 284328904.34336"
[1] "1964 375553774.240099"
[1] "1961 384807453.865561"
[1] "1967 366521805.138033"
[1] "Completed year 1964 with 259200 rows"
[1] "Completed year 1961 with 259200 rows"
[1] "1965 12778327.790185"
[1] "1968 15564335.5159283"
[1] "Completed year 1967 with 259200 rows"
[1] "1971 14385747.8939686"
[1] "1970 360653738.544116"
[1] "1968 64781079.0956971"
[1] "1965 63082304.4094399"
[1] "1971 62893567.9426895"
[1] "1968 116005822.760954"
[1] "1965 115743216.146557"
[1] "1971 112795979.780459"
[1] "Completed year 1970 with 259200 rows"
[1] "1974 14469970.027527"
[1] "1974 63297637.2010202"
[1] "1974 110597952.602799"
[1] "1971 283989356.060099"
[1] "1965 293362576.346591"
[1] "1968 289024146.229377"
[1] "1974 277819699.016569"
[1] "1971 359862582.843789"
[1] "1965 371833952.614057"
[1] "1968 366614251.665065"
[1] "Completed year 1971 with 259200 rows"
[1] "1975 15448604.5904636"
[1] "1974 352698395.732556"
[1] "1975 63946661.9389073"
[1] "Completed year 1965 with 259200 rows"
[1] "Completed year 1968 with 259200 rows"
[1] "1969 13240995.1361101"
[1] "1972 12285943.1240794"
[1] "1969 61909288.9716682"
[1] "1972 60481770.8754672"
[1] "1975 110822964.178624"
[1] "Completed year 1974 with 259200 rows"
[1] "1978 14190518.3468944"
[1] "1969 112251227.224054"
[1] "1972 108628250.40931"
[1] "1978 62541371.4325563"
[1] "1978 107316101.63963"
[1] "1975 274884178.420827"
[1] "1969 284003133.454329"
[1] "1972 277184075.743863"
[1] "1978 263886545.437852"
[1] "1975 348253389.995308"
[1] "Completed year 1975 with 259200 rows"
[1] "1969 360155726.498819"
[1] "1979 13934306.0074442"
[1] "1978 335685496.000987"
[1] "1972 351778676.016625"
[1] "1979 63072703.3120688"
[1] "Completed year 1969 with 259200 rows"
[1] "1973 13887351.5132246"
[1] "1979 108018790.455931"
[1] "Completed year 1978 with 259200 rows"
[1] "1982 13920293.7044581"
[1] "Completed year 1972 with 259200 rows"
[1] "1976 13247612.4377355"
[1] "1973 62025217.6316128"
[1] "1982 62580528.432751"
[1] "1976 61888111.1854352"
[1] "1973 109551110.224015"
[1] "1982 106976948.086841"
[1] "1976 108212347.587389"
[1] "1979 263832411.551254"
[1] "1982 261848745.438797"
[1] "1973 277281166.664261"
[1] "1976 270284886.970136"
[1] "1979 335586547.188645"
[1] "Completed year 1979 with 259200 rows"
[1] "1983 12006886.5357382"
[1] "1982 332634225.327684"
[1] "1983 59470541.5667062"
[1] "1973 351294102.032406"
[1] "1983 102695616.13643"
[1] "1976 344126529.488269"
[1] "Completed year 1982 with 259200 rows"
[1] "1986 15121197.0559319"
[1] "Completed year 1973 with 259200 rows"
[1] "1977 13687179.7056739"
[1] "1986 62312624.7653686"
[1] "Completed year 1976 with 259200 rows"
[1] "1977 62205010.791059"
[1] "1980 14310839.2735707"
[1] "1986 105275718.273375"
[1] "1983 253068838.256353"
[1] "1980 64094897.108157"
[1] "1977 107494487.598594"
[1] "1980 109330311.051718"
[1] "1986 256149547.422231"
[1] "1977 267114590.375461"
[1] "1980 265583108.440987"
[1] "1983 323332431.405601"
[1] "Completed year 1983 with 259200 rows"
[1] "1987 12986086.0279242"
[1] "1986 325955425.097297"
[1] "1987 59751153.1132759"
[1] "1977 339813251.082212"
[1] "1987 102250387.007644"
[1] "Completed year 1986 with 259200 rows"
[1] "1990 15567134.2753602"
[1] "1990 61403002.0555249"
[1] "1980 337363214.201482"
[1] "Completed year 1977 with 259200 rows"
[1] "1981 15200861.8698825"
[1] "1990 102656999.556903"
[1] "1987 252544336.139834"
[1] "1981 64513522.4661286"
[1] "Completed year 1980 with 259200 rows"
[1] "1984 13496945.510451"
[1] "1981 109215740.203124"
[1] "1984 60340457.2836428"
[1] "1990 253720941.031285"
[1] "1984 103945091.848924"
[1] "1981 264837479.502462"
[1] "1987 321956971.176599"
[1] "1984 255757319.857534"
[1] "Completed year 1987 with 259200 rows"
[1] "1991 14121716.283755"
[1] "1990 322353720.283849"
[1] "1991 60415130.8146532"
[1] "Completed year 1990 with 259200 rows"
[1] "1991 101428500.643466"
[1] "1994 13584399.0906084"
[1] "1994 60569830.7480255"
[1] "1981 336107140.916018"
[1] "1984 326846398.326023"
[1] "1994 100232316.774582"
[1] "1991 253513829.808405"
[1] "Completed year 1981 with 259200 rows"
[1] "Completed year 1984 with 259200 rows"
[1] "1988 13942578.393685"
[1] "1985 15710539.0860376"
[1] "1988 59881247.2464306"
[1] "1985 62630330.2060288"
[1] "1994 251086941.790603"
[1] "1988 101929088.856147"
[1] "1985 105953527.457482"
[1] "1991 322946926.385267"
[1] "1988 251882050.566272"
[1] "1985 257263170.645444"
[1] "Completed year 1991 with 259200 rows"
[1] "1995 13628045.9620861"
[1] "1994 319828530.389517"
[1] "1995 60821689.3727117"
[1] "1995 100123427.56081"
[1] "Completed year 1994 with 259200 rows"
[1] "1998 12564127.2264502"
[1] "1998 60732085.8000962"
[1] "1988 320771427.030439"
[1] "1998 98580344.7923692"
[1] "1985 327104894.509113"
[1] "1995 246992839.916415"
[1] "Completed year 1988 with 259200 rows"
[1] "1992 12986795.4300407"
[1] "1992 59375567.4780275"
[1] "Completed year 1985 with 259200 rows"
[1] "1989 14935249.6104887"
[1] "1998 242800380.168807"
[1] "1992 100003476.541496"
[1] "1989 60988942.4478916"
[1] "1989 102936468.885352"
[1] "1995 315490782.239846"
[1] "1992 251553560.778284"
[1] "Completed year 1995 with 259200 rows"
[1] "1998 310018151.62062"
[1] "1999 14169737.5587339"
[1] "1989 253499483.613206"
[1] "1999 63081728.4843266"
[1] "Completed year 1998 with 259200 rows"
[1] "1999 100723924.499308"
[1] "2002 14529831.2596123"
[1] "2002 65216066.3845985"
[1] "1992 321012494.511522"
[1] "2002 102207583.884487"
[1] "1999 246855352.902765"
[1] "Completed year 1992 with 259200 rows"
[1] "1996 14699135.6927797"
[1] "1989 322258378.595011"
[1] "1996 62942726.1092048"
[1] "2002 248128906.676036"
[1] "1996 102266507.808959"
[1] "Completed year 1989 with 259200 rows"
[1] "1993 13514929.4238787"
[1] "1993 60173128.4602552"
[1] "1999 315617729.190111"
[1] "1993 100056467.064955"
[1] "1996 249085697.362763"
[1] "Completed year 1999 with 259200 rows"
[1] "2003 14523241.6281523"
[1] "2002 317208153.671485"
[1] "2003 65816452.3794165"
[1] "1993 251488070.669801"
[1] "2003 102463498.847503"
[1] "Completed year 2002 with 259200 rows"
[1] "2006 14896948.3892174"
[1] "2006 68311680.2400897"
[1] "1996 317985816.16058"
[1] "2006 105369699.075277"
[1] "2003 248474719.174646"
[1] "Completed year 1996 with 259200 rows"
[1] "2000 15559503.6605158"
[1] "1993 320622565.642929"
[1] "2000 65234095.2135017"
[1] "2006 250199192.883092"
[1] "2000 102569393.368966"
[1] "Completed year 1993 with 259200 rows"
[1] "1997 12581307.9994573"
[1] "1997 61009532.1110188"
[1] "2003 318283675.406918"
[1] "1997 100154564.017651"
[1] "2000 249288729.426657"
[1] "Completed year 2003 with 259200 rows"
[1] "2007 15634541.6532749"
[1] "2006 320701086.394465"
[1] "1997 245007820.875092"
[1] "2007 69756272.7929523"
[1] "2007 106885905.087168"
[1] "Completed year 2006 with 259200 rows"
[1] "2010 14630108.8483604"
[1] "2010 70349928.3604722"
[1] "2000 318537695.824174"
[1] "2010 106659701.987341"
[1] "2007 251769697.524538"
[1] "Completed year 2000 with 259200 rows"
[1] "2004 15402659.5042832"
[1] "1997 313053934.609791"
[1] "2004 67210272.0051952"
[1] "2010 252840018.118263"
[1] "Completed year 1997 with 259200 rows"
[1] "2004 104017467.219756"
[1] "2001 15731231.0542255"
[1] "2001 66237388.4112751"
[1] "2001 103403562.473564"
[1] "2007 322107526.031043"
[1] "2004 249672441.23997"
[1] "Completed year 2007 with 259200 rows"
[1] "2010 323966718.264064"
[1] "2001 249294086.685279"
[1] "Completed year 2010 with 259200 rows"
[1] "2004 319897474.193453"
[1] "Completed year 2004 with 259200 rows"
[1] "2008 14741876.5676678"
[1] "2001 318414837.264799"
[1] "2008 69393103.707258"
[1] "2008 106298705.194628"
[1] "Completed year 2001 with 259200 rows"
[1] "2005 15862227.9245175"
[1] "2005 68305664.6816293"
[1] "2005 105281719.485654"
[1] "2008 251416472.516942"
[1] "2005 250399758.881994"
[1] "2008 322388232.534804"
[1] "Completed year 2008 with 259200 rows"
[1] "2005 321085653.049836"
[1] "Completed year 2005 with 259200 rows"
[1] "2009 14712715.2336313"
[1] "2009 69467372.1254651"
[1] "2009 106122833.794224"
[1] "2009 251317259.472364"
[1] "2009 322201945.431911"
[1] "Completed year 2009 with 259200 rows"
[[1]]
[1] "Completed year 1841 with 259200 rows"

[[2]]
[1] "Completed year 1842 with 259200 rows"

[[3]]
[1] "Completed year 1843 with 259200 rows"

[[4]]
[1] "Completed year 1844 with 259200 rows"

[[5]]
[1] "Completed year 1845 with 259200 rows"

[[6]]
[1] "Completed year 1846 with 259200 rows"

[[7]]
[1] "Completed year 1847 with 259200 rows"

[[8]]
[1] "Completed year 1848 with 259200 rows"

[[9]]
[1] "Completed year 1849 with 259200 rows"

[[10]]
[1] "Completed year 1850 with 259200 rows"

[[11]]
[1] "Completed year 1851 with 259200 rows"

[[12]]
[1] "Completed year 1852 with 259200 rows"

[[13]]
[1] "Completed year 1853 with 259200 rows"

[[14]]
[1] "Completed year 1854 with 259200 rows"

[[15]]
[1] "Completed year 1855 with 259200 rows"

[[16]]
[1] "Completed year 1856 with 259200 rows"

[[17]]
[1] "Completed year 1857 with 259200 rows"

[[18]]
[1] "Completed year 1858 with 259200 rows"

[[19]]
[1] "Completed year 1859 with 259200 rows"

[[20]]
[1] "Completed year 1860 with 259200 rows"

[[21]]
[1] "Completed year 1861 with 259200 rows"

[[22]]
[1] "Completed year 1862 with 259200 rows"

[[23]]
[1] "Completed year 1863 with 259200 rows"

[[24]]
[1] "Completed year 1864 with 259200 rows"

[[25]]
[1] "Completed year 1865 with 259200 rows"

[[26]]
[1] "Completed year 1866 with 259200 rows"

[[27]]
[1] "Completed year 1867 with 259200 rows"

[[28]]
[1] "Completed year 1868 with 259200 rows"

[[29]]
[1] "Completed year 1869 with 259200 rows"

[[30]]
[1] "Completed year 1870 with 259200 rows"

[[31]]
[1] "Completed year 1871 with 259200 rows"

[[32]]
[1] "Completed year 1872 with 259200 rows"

[[33]]
[1] "Completed year 1873 with 259200 rows"

[[34]]
[1] "Completed year 1874 with 259200 rows"

[[35]]
[1] "Completed year 1875 with 259200 rows"

[[36]]
[1] "Completed year 1876 with 259200 rows"

[[37]]
[1] "Completed year 1877 with 259200 rows"

[[38]]
[1] "Completed year 1878 with 259200 rows"

[[39]]
[1] "Completed year 1879 with 259200 rows"

[[40]]
[1] "Completed year 1880 with 259200 rows"

[[41]]
[1] "Completed year 1881 with 259200 rows"

[[42]]
[1] "Completed year 1882 with 259200 rows"

[[43]]
[1] "Completed year 1883 with 259200 rows"

[[44]]
[1] "Completed year 1884 with 259200 rows"

[[45]]
[1] "Completed year 1885 with 259200 rows"

[[46]]
[1] "Completed year 1886 with 259200 rows"

[[47]]
[1] "Completed year 1887 with 259200 rows"

[[48]]
[1] "Completed year 1888 with 259200 rows"

[[49]]
[1] "Completed year 1889 with 259200 rows"

[[50]]
[1] "Completed year 1890 with 259200 rows"

[[51]]
[1] "Completed year 1891 with 259200 rows"

[[52]]
[1] "Completed year 1892 with 259200 rows"

[[53]]
[1] "Completed year 1893 with 259200 rows"

[[54]]
[1] "Completed year 1894 with 259200 rows"

[[55]]
[1] "Completed year 1895 with 259200 rows"

[[56]]
[1] "Completed year 1896 with 259200 rows"

[[57]]
[1] "Completed year 1897 with 259200 rows"

[[58]]
[1] "Completed year 1898 with 259200 rows"

[[59]]
[1] "Completed year 1899 with 259200 rows"

[[60]]
[1] "Completed year 1900 with 259200 rows"

[[61]]
[1] "Completed year 1901 with 259200 rows"

[[62]]
[1] "Completed year 1902 with 259200 rows"

[[63]]
[1] "Completed year 1903 with 259200 rows"

[[64]]
[1] "Completed year 1904 with 259200 rows"

[[65]]
[1] "Completed year 1905 with 259200 rows"

[[66]]
[1] "Completed year 1906 with 259200 rows"

[[67]]
[1] "Completed year 1907 with 259200 rows"

[[68]]
[1] "Completed year 1908 with 259200 rows"

[[69]]
[1] "Completed year 1909 with 259200 rows"

[[70]]
[1] "Completed year 1910 with 259200 rows"

[[71]]
[1] "Completed year 1911 with 259200 rows"

[[72]]
[1] "Completed year 1912 with 259200 rows"

[[73]]
[1] "Completed year 1913 with 259200 rows"

[[74]]
[1] "Completed year 1914 with 259200 rows"

[[75]]
[1] "Completed year 1915 with 259200 rows"

[[76]]
[1] "Completed year 1916 with 259200 rows"

[[77]]
[1] "Completed year 1917 with 259200 rows"

[[78]]
[1] "Completed year 1918 with 259200 rows"

[[79]]
[1] "Completed year 1919 with 259200 rows"

[[80]]
[1] "Completed year 1920 with 259200 rows"

[[81]]
[1] "Completed year 1921 with 259200 rows"

[[82]]
[1] "Completed year 1922 with 259200 rows"

[[83]]
[1] "Completed year 1923 with 259200 rows"

[[84]]
[1] "Completed year 1924 with 259200 rows"

[[85]]
[1] "Completed year 1925 with 259200 rows"

[[86]]
[1] "Completed year 1926 with 259200 rows"

[[87]]
[1] "Completed year 1927 with 259200 rows"

[[88]]
[1] "Completed year 1928 with 259200 rows"

[[89]]
[1] "Completed year 1929 with 259200 rows"

[[90]]
[1] "Completed year 1930 with 259200 rows"

[[91]]
[1] "Completed year 1931 with 259200 rows"

[[92]]
[1] "Completed year 1932 with 259200 rows"

[[93]]
[1] "Completed year 1933 with 259200 rows"

[[94]]
[1] "Completed year 1934 with 259200 rows"

[[95]]
[1] "Completed year 1935 with 259200 rows"

[[96]]
[1] "Completed year 1936 with 259200 rows"

[[97]]
[1] "Completed year 1937 with 259200 rows"

[[98]]
[1] "Completed year 1938 with 259200 rows"

[[99]]
[1] "Completed year 1939 with 259200 rows"

[[100]]
[1] "Completed year 1940 with 259200 rows"

[[101]]
[1] "Completed year 1941 with 259200 rows"

[[102]]
[1] "Completed year 1942 with 259200 rows"

[[103]]
[1] "Completed year 1943 with 259200 rows"

[[104]]
[1] "Completed year 1944 with 259200 rows"

[[105]]
[1] "Completed year 1945 with 259200 rows"

[[106]]
[1] "Completed year 1946 with 259200 rows"

[[107]]
[1] "Completed year 1947 with 259200 rows"

[[108]]
[1] "Completed year 1948 with 259200 rows"

[[109]]
[1] "Completed year 1949 with 259200 rows"

[[110]]
[1] "Completed year 1950 with 259200 rows"

[[111]]
[1] "Completed year 1951 with 259200 rows"

[[112]]
[1] "Completed year 1952 with 259200 rows"

[[113]]
[1] "Completed year 1953 with 259200 rows"

[[114]]
[1] "Completed year 1954 with 259200 rows"

[[115]]
[1] "Completed year 1955 with 259200 rows"

[[116]]
[1] "Completed year 1956 with 259200 rows"

[[117]]
[1] "Completed year 1957 with 259200 rows"

[[118]]
[1] "Completed year 1958 with 259200 rows"

[[119]]
[1] "Completed year 1959 with 259200 rows"

[[120]]
[1] "Completed year 1960 with 259200 rows"

[[121]]
[1] "Completed year 1961 with 259200 rows"

[[122]]
[1] "Completed year 1962 with 259200 rows"

[[123]]
[1] "Completed year 1963 with 259200 rows"

[[124]]
[1] "Completed year 1964 with 259200 rows"

[[125]]
[1] "Completed year 1965 with 259200 rows"

[[126]]
[1] "Completed year 1966 with 259200 rows"

[[127]]
[1] "Completed year 1967 with 259200 rows"

[[128]]
[1] "Completed year 1968 with 259200 rows"

[[129]]
[1] "Completed year 1969 with 259200 rows"

[[130]]
[1] "Completed year 1970 with 259200 rows"

[[131]]
[1] "Completed year 1971 with 259200 rows"

[[132]]
[1] "Completed year 1972 with 259200 rows"

[[133]]
[1] "Completed year 1973 with 259200 rows"

[[134]]
[1] "Completed year 1974 with 259200 rows"

[[135]]
[1] "Completed year 1975 with 259200 rows"

[[136]]
[1] "Completed year 1976 with 259200 rows"

[[137]]
[1] "Completed year 1977 with 259200 rows"

[[138]]
[1] "Completed year 1978 with 259200 rows"

[[139]]
[1] "Completed year 1979 with 259200 rows"

[[140]]
[1] "Completed year 1980 with 259200 rows"

[[141]]
[1] "Completed year 1981 with 259200 rows"

[[142]]
[1] "Completed year 1982 with 259200 rows"

[[143]]
[1] "Completed year 1983 with 259200 rows"

[[144]]
[1] "Completed year 1984 with 259200 rows"

[[145]]
[1] "Completed year 1985 with 259200 rows"

[[146]]
[1] "Completed year 1986 with 259200 rows"

[[147]]
[1] "Completed year 1987 with 259200 rows"

[[148]]
[1] "Completed year 1988 with 259200 rows"

[[149]]
[1] "Completed year 1989 with 259200 rows"

[[150]]
[1] "Completed year 1990 with 259200 rows"

[[151]]
[1] "Completed year 1991 with 259200 rows"

[[152]]
[1] "Completed year 1992 with 259200 rows"

[[153]]
[1] "Completed year 1993 with 259200 rows"

[[154]]
[1] "Completed year 1994 with 259200 rows"

[[155]]
[1] "Completed year 1995 with 259200 rows"

[[156]]
[1] "Completed year 1996 with 259200 rows"

[[157]]
[1] "Completed year 1997 with 259200 rows"

[[158]]
[1] "Completed year 1998 with 259200 rows"

[[159]]
[1] "Completed year 1999 with 259200 rows"

[[160]]
[1] "Completed year 2000 with 259200 rows"

[[161]]
[1] "Completed year 2001 with 259200 rows"

[[162]]
[1] "Completed year 2002 with 259200 rows"

[[163]]
[1] "Completed year 2003 with 259200 rows"

[[164]]
[1] "Completed year 2004 with 259200 rows"

[[165]]
[1] "Completed year 2005 with 259200 rows"

[[166]]
[1] "Completed year 2006 with 259200 rows"

[[167]]
[1] "Completed year 2007 with 259200 rows"

[[168]]
[1] "Completed year 2008 with 259200 rows"

[[169]]
[1] "Completed year 2009 with 259200 rows"

[[170]]
[1] "Completed year 2010 with 259200 rows"

