Current working directory: /home/jepa/projects/def-wailung/jepa/FishMIP_2022_3a_Protocol/scripts/cc
Starting run at: Thu 25 Apr 2024 09:53:34 AM PDT
here() starts at /project/6006523/jepa/FishMIP_2022_3a_Protocol
Loading required package: tidyverse
── Attaching core tidyverse packages ──────────────────────── tidyverse 2.0.0 ──
✔ dplyr     1.1.4     ✔ readr     2.1.5
✔ forcats   1.0.0     ✔ stringr   1.5.1
✔ ggplot2   3.5.1     ✔ tibble    3.2.1
✔ lubridate 1.9.3     ✔ tidyr     1.3.1
✔ purrr     1.0.2     
── Conflicts ────────────────────────────────────────── tidyverse_conflicts() ──
✖ dplyr::filter() masks stats::filter()
✖ dplyr::lag()    masks stats::lag()
ℹ Use the conflicted package (<http://conflicted.r-lib.org/>) to force all conflicts to become errors
Loading required package: data.table

Attaching package: ‘data.table’

The following objects are masked from ‘package:lubridate’:

    hour, isoweek, mday, minute, month, quarter, second, wday, week,
    yday, year

The following objects are masked from ‘package:dplyr’:

    between, first, last

The following object is masked from ‘package:purrr’:

    transpose

Loading required package: foreach

Attaching package: ‘foreach’

The following objects are masked from ‘package:purrr’:

    accumulate, when

Loading required package: doParallel
Loading required package: iterators
Loading required package: parallel
 tidyverse data.table    foreach doParallel 
      TRUE       TRUE       TRUE       TRUE 
[1] "4"
[1] "4"
[1] "1873 9883.58826340972"
[1] "1876 10896.8066105417"
[1] "1875 10649.3302390799"
[1] "1874 10652.3331207018"
[1] "1876 27600.495694567"
[1] "1873 25401.5914512186"
[1] "1874 26650.5598933099"
[1] "1875 26914.3832834085"
[1] "1880 11676.8433066074"
[1] "1877 11516.9875372522"
[1] "1878 11662.8040939652"
[1] "1879 11829.4146913208"
[1] "1880 30195.9833362724"
[1] "1877 28668.0912191262"
[1] "1879 30022.7602318783"
[1] "1878 29239.5724448518"
[1] "1884 12572.6612696322"
[1] "1883 13344.6712819871"
[1] "1881 11460.063478187"
[1] "1882 12963.6133300992"
[1] "1884 32547.9320282789"
[1] "1883 33173.4706788267"
[1] "1881 29815.1738449256"
[1] "1882 32058.9952137444"
[1] "1888 14063.3381505165"
[1] "1887 13604.2275868498"
[1] "1886 13363.847998126"
[1] "1885 13600.7919212144"
[1] "1888 36224.3628753894"
[1] "1887 35138.8935729567"
[1] "1885 34298.0340791014"
[1] "1886 34660.7617865097"
[1] "1892 15527.9787389222"
[1] "1891 14674.0611509821"
[1] "1889 14250.7004120313"
[1] "1890 15086.0369644073"
[1] "1891 38347.9140436291"
[1] "1892 39663.5565771985"
[1] "1889 37020.745881097"
[1] "1890 38556.5271824285"
[1] "1896 16836.0479201774"
[1] "1895 16452.8919477598"
[1] "1893 15320.8485729225"
[1] "1894 16441.6501687167"
[1] "1893 39843.7281728279"
[1] "1896 43702.2267837762"
[1] "1895 42460.5374779525"
[1] "1894 41894.5070239379"
[1] "1900 17894.8725299278"
[1] "1897 17645.0013130331"
[1] "1899 18126.1250852126"
[1] "1898 17879.4054046932"
[1] "1900 47969.3364723119"
[1] "1899 47595.3539255111"
[1] "1897 45313.705299012"
[1] "1898 46327.0569446948"
[1] "1904 19141.4054971938"
[1] "1901 17543.2221559304"
[1] "1903 20148.1266148188"
[1] "1902 19635.6580598915"
[1] "1901 47401.0578260017"
[1] "1904 51504.6919072549"
[1] "1902 50662.9128497159"
[1] "1903 52304.4323247561"
[1] "1905 20457.250032257"
[1] "1908 20922.7562708629"
[1] "1906 20130.7552263422"
[1] "1907 20299.4517886246"
[1] "1908 56229.4561354967"
[1] "1905 53896.9424784195"
[1] "1906 54350.5429918398"
[1] "1907 54811.3450114911"
[1] "1909 21143.6698162059"
[1] "1912 22264.1091598552"
[1] "1911 21402.8076815299"
[1] "1910 22077.4693991883"
[1] "1912 59382.0015627302"
[1] "1909 57143.8939566649"
[1] "1910 58889.5864879817"
[1] "1911 58220.9978170446"
[1] "1916 23042.9099125976"
[1] "1913 21891.0145913577"
[1] "1914 23055.3307666162"
[1] "1915 22837.7457229806"
[1] "1916 62220.0171326317"
[1] "1913 59127.5277824709"
[1] "1914 61240.5742314179"
[1] "1915 61275.3763107986"
[1] "1920 22845.7883045599"
[1] "1917 23587.7596777583"
[1] "1918 23550.9283551361"
[1] "1919 23439.5909964295"
[1] "1920 63874.911561574"
[1] "1917 63256.2869008191"
[1] "1918 63688.7012668041"
[1] "1919 64205.9775407994"
[1] "1924 22706.6442658483"
[1] "1921 22059.6746759826"
[1] "1922 23976.3311221334"
[1] "1923 24105.891207245"
[1] "1921 62287.4032152459"
[1] "1924 64471.7525525647"
[1] "1922 65081.4618247543"
[1] "1923 66020.2571932633"
[1] "1925 23640.5283909082"
[1] "1928 22996.3035932116"
[1] "1926 22882.4711193043"
[1] "1927 22689.9440685134"
[1] "1925 66332.8844971215"
[1] "1928 67089.0257897969"
[1] "1926 65922.0847095748"
[1] "1927 66124.8527946751"
[1] "1929 22887.9247671742"
[1] "1932 23611.0083041225"
[1] "1930 23592.0703993243"
[1] "1931 22954.1681719453"
[1] "1929 67661.7059043961"
[1] "1932 70846.3406346917"
[1] "1930 69477.8796351678"
[1] "1931 69412.3651676361"
[1] "1933 23331.5909023864"
[1] "1936 25060.4901797052"
[1] "1934 24606.470710586"
[1] "1935 24634.6043012198"
[1] "1933 71618.8026079311"
[1] "1936 79169.1785011509"
[1] "1934 75187.6660704454"
[1] "1935 76475.5944153352"
[1] "1937 26033.6861612456"
[1] "1940 27030.4409465864"
[1] "1938 26483.2083223832"
[1] "1939 26751.9524603465"
[1] "1940 91105.4623922831"
[1] "1937 82197.5427737286"
[1] "1938 85053.2519356831"
[1] "1939 87871.5331258115"
[1] "1941 26880.0469667622"
[1] "1944 30418.1212301577"
[1] "1942 29829.6440449112"
[1] "1943 30771.3920412383"
[1] "1941 92773.6158065759"
[1] "1944 106844.158682213"
[1] "1942 99222.5983603184"
[1] "1943 103951.056850929"
[1] "1945 32408.91656"
[1] "1948 35165.4427214789"
[1] "1946 32612.2162925158"
[1] "1947 33353.1935673105"
[1] "1945 113241.001934556"
[1] "1948 129280.633339379"
[1] "1946 117390.643155827"
[1] "1947 122886.689489892"
[1] "1949 36260.2768070602"
[1] "1952 33641.685513789"
[1] "1951 39153.6007150554"
[1] "1950 39150.0582740832"
[1] "1949 135264.708131936"
[1] "1952 133394.988890517"
[1] "1951 127504.889573046"
[1] "1953 34291.5286517786"
[1] "1950 137027.902047303"
[1] "1956 43697.1198059032"
[1] "1955 46770.6977182327"
[1] "1954 38330.8600818464"
[1] "1953 127937.864456401"
[1] "1956 164397.313569535"
[1] "1955 165784.211482357"
[1] "1954 137710.563812403"
[1] "1957 47866.7033891042"
[1] "1960 57706.65846599"
[1] "1959 54208.3925506864"
[1] "1958 47622.7206712866"
[1] "1957 170553.085116222"
[1] "1960 193576.608488971"
[1] "1958 170290.893068549"
[1] "1959 189404.482479445"
[1] "1961 67566.2047283409"
[1] "1964 84271.1529127879"
[1] "1962 89592.3387655948"
[1] "1963 82908.594681326"
[1] "1961 209320.812431779"
[1] "1964 223991.964963628"
[1] "1962 229070.11744242"
[1] "1963 216129.823800181"
[1] "1965 66906.3584298118"
[1] "1968 112671.246004328"
[1] "1966 87401.7641839365"
[1] "1967 100259.040807885"
[1] "1969 81652.2265744987"
[1] "1972 51735.1449681689"
[1] "1970 99523.2832740855"
[1] "1971 93249.0827599669"
[1] "1973 61060.2210954098"
[1] "1976 62142.4299292564"
[1] "1974 65543.3725082399"
[1] "1975 85529.5613992787"
[1] "1977 50287.9949745056"
[1] "1980 36573.223093643"
[1] "1978 52029.4044918566"
[1] "1979 39878.323766297"
[1] "1981 63155.9538836025"
[1] "1984 40215.2346669778"
[1] "1983 40691.9755929468"
[1] "1982 55577.4700137787"
[1] "1985 50949.1163606077"
[1] "1987 53023.8200515479"
[1] "1986 70996.1628903236"
[1] "1989 70295.3677399677"
[1] "1988 61457.0156293747"
[1] "1991 62190.5029718238"
[1] "1990 66575.4220368451"
[1] "1993 71909.1685644611"
[1] "1992 64765.7080036221"
[1] "1995 68698.9886117136"
[1] "1994 74292.0645677542"
[1] "1997 58113.416928976"
[1] "1996 80903.4731716358"
[1] "1999 66702.1685110255"
[1] "1998 44663.5200310054"
[1] "2001 80324.558429047"
[1] "2000 85384.694223875"
[1] "2003 69874.6825070942"
[1] "2002 74082.2639206177"
[1] "2005 93801.8347961169"
[1] "2004 88368.1218625082"
[1] "2007 96642.8366391291"
[1] "2006 79757.2008326789"
[1] "2009 76907.8438523598"
[1] "2008 78913.7971175831"
[1] "2010 73303.5945216111"
Error in { : 
  task 1 failed - "Can't assign 2 names to a 0-column data.table"
Calls: %dopar% -> <Anonymous>
Execution halted
