Current working directory: /home/jepa/projects/def-wailung/jepa/FishMIP_2022_3a_Protocol/scripts/cc
Starting run at: Wed 24 Apr 2024 05:07:52 PM PDT

Lmod is automatically replacing "intel/2020.1.217" with "gcc/9.3.0".


Due to MODULEPATH changes, the following have been reloaded:
  1) mii/1.1.2

The following have been reloaded with a version change:
  1) StdEnv/2023 => StdEnv/2020          5) imkl/2023.2.0 => imkl/2020.1.217
  2) gcc/12.3 => gcc/9.3.0               6) libfabric/1.18.0 => libfabric/1.10.1
  3) gcccore/.12.3 => gcccore/.9.3.0     7) openmpi/4.1.5 => openmpi/4.0.3
  4) gentoo/2023 => gentoo/2020          8) ucx/1.14.1 => ucx/1.8.0

here() starts at /project/6006523/jepa/FishMIP_2022_3a_Protocol
Loading required package: tidyverse
Error: package or namespace load failed for ‘tidyverse’:
 .onAttach failed in attachNamespace() for 'tidyverse', details:
  call: NULL
  error: package or namespace load failed for ‘ggplot2’ in dyn.load(file, DLLpath = DLLpath, ...):
 unable to load shared object '/home/jepa/R/x86_64-pc-linux-gnu-library/4.3/cli/libs/cli.so':
  /cvmfs/soft.computecanada.ca/gentoo/2020/lib64/libc.so.6: version `GLIBC_2.32' not found (required by /home/jepa/R/x86_64-pc-linux-gnu-library/4.3/cli/libs/cli.so)
Loading required package: data.table
Error: package or namespace load failed for ‘data.table’ in dyn.load(file, DLLpath = DLLpath, ...):
 unable to load shared object '/home/jepa/R/x86_64-pc-linux-gnu-library/4.3/data.table/libs/data_table.so':
  /cvmfs/soft.computecanada.ca/gentoo/2020/lib64/libc.so.6: version `GLIBC_2.33' not found (required by /home/jepa/R/x86_64-pc-linux-gnu-library/4.3/data.table/libs/data_table.so)
Loading required package: foreach
Loading required package: doParallel
Loading required package: iterators
Loading required package: parallel
 tidyverse data.table    foreach doParallel 
     FALSE      FALSE       TRUE       TRUE 
[1] "4"
[1] "4"
Error in { : 
  task 1 failed - "argument "scen" is missing, with no default"
Calls: %dopar% -> <Anonymous>
Execution halted
