Current working directory: /home/jepa/projects/def-wailung/jepa/FishMIP_2022_3a_Protocol/scripts/cc
Starting run at: Thu 25 Apr 2024 01:55:31 PM PDT
here() starts at /project/6006523/jepa/FishMIP_2022_3a_Protocol
Loading required package: tidyverse
── Attaching core tidyverse packages ──────────────────────── tidyverse 2.0.0 ──
✔ dplyr     1.1.4     ✔ readr     2.1.5
✔ forcats   1.0.0     ✔ stringr   1.5.1
✔ ggplot2   3.5.1     ✔ tibble    3.2.1
✔ lubridate 1.9.3     ✔ tidyr     1.3.1
✔ purrr     1.0.2     
── Conflicts ────────────────────────────────────────── tidyverse_conflicts() ──
✖ dplyr::filter() masks stats::filter()
✖ dplyr::lag()    masks stats::lag()
ℹ Use the conflicted package (<http://conflicted.r-lib.org/>) to force all conflicts to become errors
Loading required package: data.table

Attaching package: ‘data.table’

The following objects are masked from ‘package:lubridate’:

    hour, isoweek, mday, minute, month, quarter, second, wday, week,
    yday, year

The following objects are masked from ‘package:dplyr’:

    between, first, last

The following object is masked from ‘package:purrr’:

    transpose

Loading required package: foreach

Attaching package: ‘foreach’

The following objects are masked from ‘package:purrr’:

    accumulate, when

Loading required package: doParallel
Loading required package: iterators
Loading required package: parallel
 tidyverse data.table    foreach doParallel 
      TRUE       TRUE       TRUE       TRUE 
[1] "4"
[1] "4"
[1] "Completed year 1841 with 259200 rows"
[1] "Completed year 1842 with 259200 rows"
[1] "Completed year 1843 with 259200 rows"
[1] "Completed year 1844 with 259200 rows"
[1] "Completed year 1845 with 259200 rows"
[1] "Completed year 1846 with 259200 rows"
[1] "Completed year 1847 with 259200 rows"
[1] "Completed year 1848 with 259200 rows"
[1] "Completed year 1849 with 259200 rows"
[1] "Completed year 1852 with 259200 rows"
[1] "Completed year 1850 with 259200 rows"
[1] "Completed year 1851 with 259200 rows"
[1] "Completed year 1853 with 259200 rows"
[1] "Completed year 1856 with 259200 rows"
[1] "Completed year 1854 with 259200 rows"
[1] "Completed year 1855 with 259200 rows"
[1] "Completed year 1857 with 259200 rows"
[1] "Completed year 1860 with 259200 rows"
[1] "Completed year 1858 with 259200 rows"
[1] "Completed year 1859 with 259200 rows"
[1] "Completed year 1864 with 259200 rows"
[1] "Completed year 1862 with 259200 rows"
[1] "Completed year 1861 with 259200 rows"
[1] "Completed year 1863 with 259200 rows"
[1] "Completed year 1866 with 259200 rows"
[1] "Completed year 1868 with 259200 rows"
[1] "Completed year 1865 with 259200 rows"
[1] "Completed year 1867 with 259200 rows"
[1] "Completed year 1870 with 259200 rows"
[1] "Completed year 1872 with 259200 rows"
[1] "Completed year 1869 with 259200 rows"
[1] "Completed year 1871 with 259200 rows"
[1] "Completed year 1874 with 259200 rows"
[1] "Completed year 1876 with 259200 rows"
[1] "Completed year 1873 with 259200 rows"
[1] "Completed year 1875 with 259200 rows"
[1] "Completed year 1877 with 259200 rows"
[1] "Completed year 1878 with 259200 rows"
[1] "Completed year 1880 with 259200 rows"
[1] "Completed year 1879 with 259200 rows"
[1] "Completed year 1884 with 259200 rows"
[1] "Completed year 1882 with 259200 rows"
[1] "Completed year 1881 with 259200 rows"
[1] "Completed year 1883 with 259200 rows"
[1] "Completed year 1888 with 259200 rows"
[1] "Completed year 1886 with 259200 rows"
[1] "Completed year 1885 with 259200 rows"
[1] "Completed year 1887 with 259200 rows"
[1] "Completed year 1892 with 259200 rows"
[1] "Completed year 1889 with 259200 rows"
[1] "Completed year 1891 with 259200 rows"
[1] "Completed year 1890 with 259200 rows"
[1] "Completed year 1896 with 259200 rows"
[1] "Completed year 1893 with 259200 rows"
[1] "Completed year 1894 with 259200 rows"
[1] "Completed year 1895 with 259200 rows"
[1] "Completed year 1897 with 259200 rows"
[1] "Completed year 1900 with 259200 rows"
[1] "Completed year 1898 with 259200 rows"
[1] "Completed year 1899 with 259200 rows"
[1] "Completed year 1901 with 259200 rows"
[1] "Completed year 1904 with 259200 rows"
[1] "Completed year 1902 with 259200 rows"
[1] "Completed year 1903 with 259200 rows"
[1] "Completed year 1908 with 259200 rows"
[1] "Completed year 1905 with 259200 rows"
[1] "Completed year 1906 with 259200 rows"
[1] "Completed year 1907 with 259200 rows"
[1] "Completed year 1909 with 259200 rows"
[1] "Completed year 1912 with 259200 rows"
[1] "Completed year 1910 with 259200 rows"
[1] "Completed year 1911 with 259200 rows"
[1] "Completed year 1915 with 259200 rows"
[1] "Completed year 1913 with 259200 rows"
[1] "Completed year 1914 with 259200 rows"
[1] "Completed year 1916 with 259200 rows"
[1] "Completed year 1919 with 259200 rows"
[1] "Completed year 1917 with 259200 rows"
[1] "Completed year 1920 with 259200 rows"
[1] "Completed year 1918 with 259200 rows"
[1] "Completed year 1923 with 259200 rows"
[1] "Completed year 1921 with 259200 rows"
[1] "Completed year 1924 with 259200 rows"
[1] "Completed year 1922 with 259200 rows"
[1] "Completed year 1927 with 259200 rows"
[1] "Completed year 1925 with 259200 rows"
[1] "Completed year 1928 with 259200 rows"
[1] "Completed year 1926 with 259200 rows"
[1] "Completed year 1931 with 259200 rows"
[1] "Completed year 1929 with 259200 rows"
[1] "Completed year 1932 with 259200 rows"
[1] "Completed year 1930 with 259200 rows"
[1] "Completed year 1935 with 259200 rows"
[1] "Completed year 1933 with 259200 rows"
[1] "Completed year 1936 with 259200 rows"
[1] "Completed year 1934 with 259200 rows"
[1] "Completed year 1939 with 259200 rows"
[1] "Completed year 1937 with 259200 rows"
[1] "Completed year 1938 with 259200 rows"
[1] "Completed year 1940 with 259200 rows"
[1] "Completed year 1943 with 259200 rows"
[1] "Completed year 1941 with 259200 rows"
[1] "Completed year 1942 with 259200 rows"
[1] "Completed year 1944 with 259200 rows"
[1] "Completed year 1947 with 259200 rows"
[1] "Completed year 1945 with 259200 rows"
[1] "Completed year 1946 with 259200 rows"
[1] "Completed year 1948 with 259200 rows"
[1] "Completed year 1951 with 259200 rows"
[1] "Completed year 1949 with 259200 rows"
[1] "Completed year 1950 with 259200 rows"
[1] "Completed year 1952 with 259200 rows"
[1] "Completed year 1955 with 259200 rows"
[1] "Completed year 1953 with 259200 rows"
[1] "Completed year 1954 with 259200 rows"
[1] "Completed year 1956 with 259200 rows"
[1] "Completed year 1959 with 259200 rows"
[1] "Completed year 1957 with 259200 rows"
[1] "Completed year 1958 with 259200 rows"
[1] "Completed year 1960 with 259200 rows"
[1] "Completed year 1963 with 259200 rows"
[1] "Completed year 1961 with 259200 rows"
[1] "Completed year 1962 with 259200 rows"
[1] "Completed year 1964 with 259200 rows"
[1] "Completed year 1967 with 259200 rows"
[1] "Completed year 1965 with 259200 rows"
[1] "Completed year 1966 with 259200 rows"
[1] "Completed year 1968 with 259200 rows"
[1] "Completed year 1971 with 259200 rows"
[1] "Completed year 1969 with 259200 rows"
[1] "Completed year 1970 with 259200 rows"
[1] "Completed year 1972 with 259200 rows"
[1] "Completed year 1975 with 259200 rows"
[1] "Completed year 1973 with 259200 rows"
[1] "Completed year 1974 with 259200 rows"
[1] "Completed year 1976 with 259200 rows"
[1] "Completed year 1979 with 259200 rows"
[1] "Completed year 1977 with 259200 rows"
[1] "Completed year 1980 with 259200 rows"
[1] "Completed year 1978 with 259200 rows"
[1] "Completed year 1983 with 259200 rows"
[1] "Completed year 1981 with 259200 rows"
[1] "Completed year 1984 with 259200 rows"
[1] "Completed year 1982 with 259200 rows"
[1] "Completed year 1987 with 259200 rows"
[1] "Completed year 1985 with 259200 rows"
[1] "Completed year 1986 with 259200 rows"
[1] "Completed year 1988 with 259200 rows"
[1] "Completed year 1991 with 259200 rows"
[1] "Completed year 1989 with 259200 rows"
[1] "Completed year 1990 with 259200 rows"
[1] "Completed year 1992 with 259200 rows"
[1] "Completed year 1995 with 259200 rows"
[1] "Completed year 1993 with 259200 rows"
[1] "Completed year 1994 with 259200 rows"
[1] "Completed year 1996 with 259200 rows"
[1] "Completed year 1999 with 259200 rows"
[1] "Completed year 1998 with 259200 rows"
[1] "Completed year 1997 with 259200 rows"
[1] "Completed year 2000 with 259200 rows"
[1] "Completed year 2003 with 259200 rows"
[1] "Completed year 2001 with 259200 rows"
[1] "Completed year 2002 with 259200 rows"
[1] "Completed year 2004 with 259200 rows"
[1] "Completed year 2007 with 259200 rows"
[1] "Completed year 2006 with 259200 rows"
[1] "Completed year 2008 with 259200 rows"
[1] "Completed year 2005 with 259200 rows"
[1] "Completed year 2010 with 259200 rows"
[1] "Completed year 2009 with 259200 rows"
[[1]]
[1] "Completed year 1841 with 259200 rows"

[[2]]
[1] "Completed year 1842 with 259200 rows"

[[3]]
[1] "Completed year 1843 with 259200 rows"

[[4]]
[1] "Completed year 1844 with 259200 rows"

[[5]]
[1] "Completed year 1845 with 259200 rows"

[[6]]
[1] "Completed year 1846 with 259200 rows"

[[7]]
[1] "Completed year 1847 with 259200 rows"

[[8]]
[1] "Completed year 1848 with 259200 rows"

[[9]]
[1] "Completed year 1849 with 259200 rows"

[[10]]
[1] "Completed year 1850 with 259200 rows"

[[11]]
[1] "Completed year 1851 with 259200 rows"

[[12]]
[1] "Completed year 1852 with 259200 rows"

[[13]]
[1] "Completed year 1853 with 259200 rows"

[[14]]
[1] "Completed year 1854 with 259200 rows"

[[15]]
[1] "Completed year 1855 with 259200 rows"

[[16]]
[1] "Completed year 1856 with 259200 rows"

[[17]]
[1] "Completed year 1857 with 259200 rows"

[[18]]
[1] "Completed year 1858 with 259200 rows"

[[19]]
[1] "Completed year 1859 with 259200 rows"

[[20]]
[1] "Completed year 1860 with 259200 rows"

[[21]]
[1] "Completed year 1861 with 259200 rows"

[[22]]
[1] "Completed year 1862 with 259200 rows"

[[23]]
[1] "Completed year 1863 with 259200 rows"

[[24]]
[1] "Completed year 1864 with 259200 rows"

[[25]]
[1] "Completed year 1865 with 259200 rows"

[[26]]
[1] "Completed year 1866 with 259200 rows"

[[27]]
[1] "Completed year 1867 with 259200 rows"

[[28]]
[1] "Completed year 1868 with 259200 rows"

[[29]]
[1] "Completed year 1869 with 259200 rows"

[[30]]
[1] "Completed year 1870 with 259200 rows"

[[31]]
[1] "Completed year 1871 with 259200 rows"

[[32]]
[1] "Completed year 1872 with 259200 rows"

[[33]]
[1] "Completed year 1873 with 259200 rows"

[[34]]
[1] "Completed year 1874 with 259200 rows"

[[35]]
[1] "Completed year 1875 with 259200 rows"

[[36]]
[1] "Completed year 1876 with 259200 rows"

[[37]]
[1] "Completed year 1877 with 259200 rows"

[[38]]
[1] "Completed year 1878 with 259200 rows"

[[39]]
[1] "Completed year 1879 with 259200 rows"

[[40]]
[1] "Completed year 1880 with 259200 rows"

[[41]]
[1] "Completed year 1881 with 259200 rows"

[[42]]
[1] "Completed year 1882 with 259200 rows"

[[43]]
[1] "Completed year 1883 with 259200 rows"

[[44]]
[1] "Completed year 1884 with 259200 rows"

[[45]]
[1] "Completed year 1885 with 259200 rows"

[[46]]
[1] "Completed year 1886 with 259200 rows"

[[47]]
[1] "Completed year 1887 with 259200 rows"

[[48]]
[1] "Completed year 1888 with 259200 rows"

[[49]]
[1] "Completed year 1889 with 259200 rows"

[[50]]
[1] "Completed year 1890 with 259200 rows"

[[51]]
[1] "Completed year 1891 with 259200 rows"

[[52]]
[1] "Completed year 1892 with 259200 rows"

[[53]]
[1] "Completed year 1893 with 259200 rows"

[[54]]
[1] "Completed year 1894 with 259200 rows"

[[55]]
[1] "Completed year 1895 with 259200 rows"

[[56]]
[1] "Completed year 1896 with 259200 rows"

[[57]]
[1] "Completed year 1897 with 259200 rows"

[[58]]
[1] "Completed year 1898 with 259200 rows"

[[59]]
[1] "Completed year 1899 with 259200 rows"

[[60]]
[1] "Completed year 1900 with 259200 rows"

[[61]]
[1] "Completed year 1901 with 259200 rows"

[[62]]
[1] "Completed year 1902 with 259200 rows"

[[63]]
[1] "Completed year 1903 with 259200 rows"

[[64]]
[1] "Completed year 1904 with 259200 rows"

[[65]]
[1] "Completed year 1905 with 259200 rows"

[[66]]
[1] "Completed year 1906 with 259200 rows"

[[67]]
[1] "Completed year 1907 with 259200 rows"

[[68]]
[1] "Completed year 1908 with 259200 rows"

[[69]]
[1] "Completed year 1909 with 259200 rows"

[[70]]
[1] "Completed year 1910 with 259200 rows"

[[71]]
[1] "Completed year 1911 with 259200 rows"

[[72]]
[1] "Completed year 1912 with 259200 rows"

[[73]]
[1] "Completed year 1913 with 259200 rows"

[[74]]
[1] "Completed year 1914 with 259200 rows"

[[75]]
[1] "Completed year 1915 with 259200 rows"

[[76]]
[1] "Completed year 1916 with 259200 rows"

[[77]]
[1] "Completed year 1917 with 259200 rows"

[[78]]
[1] "Completed year 1918 with 259200 rows"

[[79]]
[1] "Completed year 1919 with 259200 rows"

[[80]]
[1] "Completed year 1920 with 259200 rows"

[[81]]
[1] "Completed year 1921 with 259200 rows"

[[82]]
[1] "Completed year 1922 with 259200 rows"

[[83]]
[1] "Completed year 1923 with 259200 rows"

[[84]]
[1] "Completed year 1924 with 259200 rows"

[[85]]
[1] "Completed year 1925 with 259200 rows"

[[86]]
[1] "Completed year 1926 with 259200 rows"

[[87]]
[1] "Completed year 1927 with 259200 rows"

[[88]]
[1] "Completed year 1928 with 259200 rows"

[[89]]
[1] "Completed year 1929 with 259200 rows"

[[90]]
[1] "Completed year 1930 with 259200 rows"

[[91]]
[1] "Completed year 1931 with 259200 rows"

[[92]]
[1] "Completed year 1932 with 259200 rows"

[[93]]
[1] "Completed year 1933 with 259200 rows"

[[94]]
[1] "Completed year 1934 with 259200 rows"

[[95]]
[1] "Completed year 1935 with 259200 rows"

[[96]]
[1] "Completed year 1936 with 259200 rows"

[[97]]
[1] "Completed year 1937 with 259200 rows"

[[98]]
[1] "Completed year 1938 with 259200 rows"

[[99]]
[1] "Completed year 1939 with 259200 rows"

[[100]]
[1] "Completed year 1940 with 259200 rows"

[[101]]
[1] "Completed year 1941 with 259200 rows"

[[102]]
[1] "Completed year 1942 with 259200 rows"

[[103]]
[1] "Completed year 1943 with 259200 rows"

[[104]]
[1] "Completed year 1944 with 259200 rows"

[[105]]
[1] "Completed year 1945 with 259200 rows"

[[106]]
[1] "Completed year 1946 with 259200 rows"

[[107]]
[1] "Completed year 1947 with 259200 rows"

[[108]]
[1] "Completed year 1948 with 259200 rows"

[[109]]
[1] "Completed year 1949 with 259200 rows"

[[110]]
[1] "Completed year 1950 with 259200 rows"

[[111]]
[1] "Completed year 1951 with 259200 rows"

[[112]]
[1] "Completed year 1952 with 259200 rows"

[[113]]
[1] "Completed year 1953 with 259200 rows"

[[114]]
[1] "Completed year 1954 with 259200 rows"

[[115]]
[1] "Completed year 1955 with 259200 rows"

[[116]]
[1] "Completed year 1956 with 259200 rows"

[[117]]
[1] "Completed year 1957 with 259200 rows"

[[118]]
[1] "Completed year 1958 with 259200 rows"

[[119]]
[1] "Completed year 1959 with 259200 rows"

[[120]]
[1] "Completed year 1960 with 259200 rows"

[[121]]
[1] "Completed year 1961 with 259200 rows"

[[122]]
[1] "Completed year 1962 with 259200 rows"

[[123]]
[1] "Completed year 1963 with 259200 rows"

[[124]]
[1] "Completed year 1964 with 259200 rows"

[[125]]
[1] "Completed year 1965 with 259200 rows"

[[126]]
[1] "Completed year 1966 with 259200 rows"

[[127]]
[1] "Completed year 1967 with 259200 rows"

[[128]]
[1] "Completed year 1968 with 259200 rows"

[[129]]
[1] "Completed year 1969 with 259200 rows"

[[130]]
[1] "Completed year 1970 with 259200 rows"

[[131]]
[1] "Completed year 1971 with 259200 rows"

[[132]]
[1] "Completed year 1972 with 259200 rows"

[[133]]
[1] "Completed year 1973 with 259200 rows"

[[134]]
[1] "Completed year 1974 with 259200 rows"

[[135]]
[1] "Completed year 1975 with 259200 rows"

[[136]]
[1] "Completed year 1976 with 259200 rows"

[[137]]
[1] "Completed year 1977 with 259200 rows"

[[138]]
[1] "Completed year 1978 with 259200 rows"

[[139]]
[1] "Completed year 1979 with 259200 rows"

[[140]]
[1] "Completed year 1980 with 259200 rows"

[[141]]
[1] "Completed year 1981 with 259200 rows"

[[142]]
[1] "Completed year 1982 with 259200 rows"

[[143]]
[1] "Completed year 1983 with 259200 rows"

[[144]]
[1] "Completed year 1984 with 259200 rows"

[[145]]
[1] "Completed year 1985 with 259200 rows"

[[146]]
[1] "Completed year 1986 with 259200 rows"

[[147]]
[1] "Completed year 1987 with 259200 rows"

[[148]]
[1] "Completed year 1988 with 259200 rows"

[[149]]
[1] "Completed year 1989 with 259200 rows"

[[150]]
[1] "Completed year 1990 with 259200 rows"

[[151]]
[1] "Completed year 1991 with 259200 rows"

[[152]]
[1] "Completed year 1992 with 259200 rows"

[[153]]
[1] "Completed year 1993 with 259200 rows"

[[154]]
[1] "Completed year 1994 with 259200 rows"

[[155]]
[1] "Completed year 1995 with 259200 rows"

[[156]]
[1] "Completed year 1996 with 259200 rows"

[[157]]
[1] "Completed year 1997 with 259200 rows"

[[158]]
[1] "Completed year 1998 with 259200 rows"

[[159]]
[1] "Completed year 1999 with 259200 rows"

[[160]]
[1] "Completed year 2000 with 259200 rows"

[[161]]
[1] "Completed year 2001 with 259200 rows"

[[162]]
[1] "Completed year 2002 with 259200 rows"

[[163]]
[1] "Completed year 2003 with 259200 rows"

[[164]]
[1] "Completed year 2004 with 259200 rows"

[[165]]
[1] "Completed year 2005 with 259200 rows"

[[166]]
[1] "Completed year 2006 with 259200 rows"

[[167]]
[1] "Completed year 2007 with 259200 rows"

[[168]]
[1] "Completed year 2008 with 259200 rows"

[[169]]
[1] "Completed year 2009 with 259200 rows"

[[170]]
[1] "Completed year 2010 with 259200 rows"

