Current working directory: /home/jepa/projects/rrg-wailung/jepa/FishMIP_2022_3a_Protocol/scripts/compute_canada
Starting run at: Wed Feb  7 08:15:38 PST 2024

Lmod is automatically replacing "intel/2020.1.217" with "gcc/9.3.0".


Due to MODULEPATH changes, the following have been reloaded:
  1) openmpi/4.0.3

here() starts at /project/6049293/jepa/FishMIP_2022_3a_Protocol
── Attaching core tidyverse packages ──────────────────────── tidyverse 2.0.0 ──
✔ dplyr     1.1.4     ✔ readr     2.1.5
✔ forcats   1.0.0     ✔ stringr   1.5.1
✔ ggplot2   3.4.4     ✔ tibble    3.2.1
✔ lubridate 1.9.3     ✔ tidyr     1.3.1
✔ purrr     1.0.2     
── Conflicts ────────────────────────────────────────── tidyverse_conflicts() ──
✖ dplyr::filter() masks stats::filter()
✖ dplyr::lag()    masks stats::lag()
ℹ Use the conflicted package (<http://conflicted.r-lib.org/>) to force all conflicts to become errors
New names:
• `V1` -> `V1...1`
• `V1` -> `V1...2`
• `V1` -> `V1...3`
• `V1` -> `V1...4`
• `V1` -> `V1...5`
• `V1` -> `V1...6`
• `V1` -> `V1...7`
• `V1` -> `V1...8`
• `V1` -> `V1...9`
• `V1` -> `V1...10`
• `V1` -> `V1...11`
• `V1` -> `V1...12`
• `V1` -> `V1...13`
• `V1` -> `V1...14`
• `V1` -> `V1...15`
• `V1` -> `V1...16`
• `V1` -> `V1...17`
• `V1` -> `V1...18`
• `V1` -> `V1...19`
• `V1` -> `V1...20`
• `V1` -> `V1...21`
• `V1` -> `V1...22`
• `V1` -> `V1...23`
• `V1` -> `V1...24`
• `V1` -> `V1...25`
• `V1` -> `V1...26`
• `V1` -> `V1...27`
• `V1` -> `V1...28`
• `V1` -> `V1...29`
• `V1` -> `V1...30`
• `V1` -> `V1...31`
• `V1` -> `V1...32`
• `V1` -> `V1...33`
• `V1` -> `V1...34`
• `V1` -> `V1...35`
• `V1` -> `V1...36`
• `V1` -> `V1...37`
• `V1` -> `V1...38`
• `V1` -> `V1...39`
• `V1` -> `V1...40`
• `V1` -> `V1...41`
• `V1` -> `V1...42`
• `V1` -> `V1...43`
• `V1` -> `V1...44`
• `V1` -> `V1...45`
• `V1` -> `V1...46`
• `V1` -> `V1...47`
• `V1` -> `V1...48`
• `V1` -> `V1...49`
• `V1` -> `V1...50`
• `V1` -> `V1...51`
• `V1` -> `V1...52`
• `V1` -> `V1...53`
• `V1` -> `V1...54`
• `V1` -> `V1...55`
• `V1` -> `V1...56`
• `V1` -> `V1...57`
• `V1` -> `V1...58`
• `V1` -> `V1...59`
• `V1` -> `V1...60`
• `V1` -> `V1...61`
• `V1` -> `V1...62`
• `V1` -> `V1...63`
• `V1` -> `V1...64`
• `V1` -> `V1...65`
• `V1` -> `V1...66`
• `V1` -> `V1...67`
• `V1` -> `V1...68`
• `V1` -> `V1...69`
• `V1` -> `V1...70`
• `V1` -> `V1...71`
• `V1` -> `V1...72`
• `V1` -> `V1...73`
• `V1` -> `V1...74`
• `V1` -> `V1...75`
• `V1` -> `V1...76`
• `V1` -> `V1...77`
• `V1` -> `V1...78`
• `V1` -> `V1...79`
• `V1` -> `V1...80`
• `V1` -> `V1...81`
• `V1` -> `V1...82`
• `V1` -> `V1...83`
• `V1` -> `V1...84`
• `V1` -> `V1...85`
• `V1` -> `V1...86`
• `V1` -> `V1...87`
• `V1` -> `V1...88`
• `V1` -> `V1...89`
• `V1` -> `V1...90`
• `V1` -> `V1...91`
• `V1` -> `V1...92`
• `V1` -> `V1...93`
• `V1` -> `V1...94`
• `V1` -> `V1...95`
• `V1` -> `V1...96`
• `V1` -> `V1...97`
• `V1` -> `V1...98`
• `V1` -> `V1...99`
• `V1` -> `V1...100`
• `V1` -> `V1...101`
• `V1` -> `V1...102`
• `V1` -> `V1...103`
• `V1` -> `V1...104`
• `V1` -> `V1...105`
• `V1` -> `V1...106`
• `V1` -> `V1...107`
• `V1` -> `V1...108`
• `V1` -> `V1...109`
• `V1` -> `V1...110`
• `V1` -> `V1...111`
• `V1` -> `V1...112`
• `V1` -> `V1...113`
• `V1` -> `V1...114`
• `V1` -> `V1...115`
• `V1` -> `V1...116`
• `V1` -> `V1...117`
• `V1` -> `V1...118`
• `V1` -> `V1...119`
• `V1` -> `V1...120`
• `V1` -> `V1...121`
• `V1` -> `V1...122`
• `V1` -> `V1...123`
• `V1` -> `V1...124`
• `V1` -> `V1...125`
• `V1` -> `V1...126`
• `V1` -> `V1...127`
• `V1` -> `V1...128`
• `V1` -> `V1...129`
• `V1` -> `V1...130`
• `V1` -> `V1...131`
• `V1` -> `V1...132`
• `V1` -> `V1...133`
• `V1` -> `V1...134`
• `V1` -> `V1...135`
• `V1` -> `V1...136`
• `V1` -> `V1...137`
• `V1` -> `V1...138`
• `V1` -> `V1...139`
• `V1` -> `V1...140`
• `V1` -> `V1...141`
• `V1` -> `V1...142`
• `V1` -> `V1...143`
• `V1` -> `V1...144`
• `V1` -> `V1...145`
• `V1` -> `V1...146`
• `V1` -> `V1...147`
• `V1` -> `V1...148`
• `V1` -> `V1...149`
• `V1` -> `V1...150`
• `V1` -> `V1...151`
• `V1` -> `V1...152`
• `V1` -> `V1...153`
• `V1` -> `V1...154`
• `V1` -> `V1...155`
• `V1` -> `V1...156`
• `V1` -> `V1...157`
• `V1` -> `V1...158`
• `V1` -> `V1...159`
• `V1` -> `V1...160`
• `V1` -> `V1...161`
• `V1` -> `V1...162`
• `V1` -> `V1...163`
• `V1` -> `V1...164`
• `V1` -> `V1...165`
• `V1` -> `V1...166`
• `V1` -> `V1...167`
• `V1` -> `V1...168`
• `V1` -> `V1...169`
• `V1` -> `V1...170`
[[1]]
[1] "Finish converting Abd from 1841 to 2010"

