Current working directory: /home/jepa/projects/rrg-wailung/jepa/FishMIP_2022_3a_Protocol/scripts/compute_canada
Starting run at: Tue Feb  6 17:15:07 PST 2024

Lmod is automatically replacing "intel/2020.1.217" with "gcc/9.3.0".


Due to MODULEPATH changes, the following have been reloaded:
  1) openmpi/4.0.3

here() starts at /project/6049293/jepa/FishMIP_2022_3a_Protocol
── Attaching core tidyverse packages ──────────────────────── tidyverse 2.0.0 ──
✔ dplyr     1.1.4     ✔ readr     2.1.5
✔ forcats   1.0.0     ✔ stringr   1.5.1
✔ ggplot2   3.4.4     ✔ tibble    3.2.1
✔ lubridate 1.9.3     ✔ tidyr     1.3.1
✔ purrr     1.0.2     
── Conflicts ────────────────────────────────────────── tidyverse_conflicts() ──
✖ dplyr::filter() masks stats::filter()
✖ dplyr::lag()    masks stats::lag()
ℹ Use the conflicted package (<http://conflicted.r-lib.org/>) to force all conflicts to become errors
Error in file(file, "rt") : cannot open the connection
Calls: lapply -> FUN -> read.csv -> read.table -> file
In addition: Warning message:
In file(file, "rt") :
  cannot open file '/home/jepa/scratch/Results/R/agg_Abd_1841.csv': No such file or directory
Execution halted
